Using pre-set license
Built from '2021.3/staging' branch; Version is '2021.3.11f1 (0a5ca18544bf) revision 679073'; Using compiler version '192829333'; Build Type 'Release'
OS: 'Windows 10  (10.0.19043) 64bit Professional' Language: 'en' Physical Memory: 16335 MB
BatchMode: 1, IsHumanControllingUs: 0, StartBugReporterOnCrash: 0, Is64bit: 1, IsPro: 1

COMMAND LINE ARGUMENTS:
C:\Program Files\Unity\Hub\Editor\2021.3.11f1\Editor\Unity.exe
-adb2
-batchMode
-noUpm
-name
AssetImportWorker1
-projectPath
C:/Users/Gatto/Documents/GitHub/11-particles-zachanikapie
-logFile
Logs/AssetImportWorker1.log
-srvPort
65173
Successfully changed project path to: C:/Users/Gatto/Documents/GitHub/11-particles-zachanikapie
C:/Users/Gatto/Documents/GitHub/11-particles-zachanikapie
[UnityMemory] Configuration Parameters - Can be set up in boot.config
    "memorysetup-bucket-allocator-granularity=16"
    "memorysetup-bucket-allocator-bucket-count=8"
    "memorysetup-bucket-allocator-block-size=33554432"
    "memorysetup-bucket-allocator-block-count=8"
    "memorysetup-main-allocator-block-size=16777216"
    "memorysetup-thread-allocator-block-size=16777216"
    "memorysetup-gfx-main-allocator-block-size=16777216"
    "memorysetup-gfx-thread-allocator-block-size=16777216"
    "memorysetup-cache-allocator-block-size=4194304"
    "memorysetup-typetree-allocator-block-size=2097152"
    "memorysetup-profiler-bucket-allocator-granularity=16"
    "memorysetup-profiler-bucket-allocator-bucket-count=8"
    "memorysetup-profiler-bucket-allocator-block-size=33554432"
    "memorysetup-profiler-bucket-allocator-block-count=8"
    "memorysetup-profiler-allocator-block-size=16777216"
    "memorysetup-profiler-editor-allocator-block-size=1048576"
    "memorysetup-temp-allocator-size-main=16777216"
    "memorysetup-job-temp-allocator-block-size=2097152"
    "memorysetup-job-temp-allocator-block-size-background=1048576"
    "memorysetup-job-temp-allocator-reduction-small-platforms=262144"
    "memorysetup-temp-allocator-size-background-worker=32768"
    "memorysetup-temp-allocator-size-job-worker=262144"
    "memorysetup-temp-allocator-size-preload-manager=33554432"
    "memorysetup-temp-allocator-size-nav-mesh-worker=65536"
    "memorysetup-temp-allocator-size-audio-worker=65536"
    "memorysetup-temp-allocator-size-cloud-worker=32768"
    "memorysetup-temp-allocator-size-gi-baking-worker=262144"
    "memorysetup-temp-allocator-size-gfx=262144"
Refreshing native plugins compatible for Editor in 186.82 ms, found 3 plugins.
Preloading 0 native plugins for Editor in 0.00 ms.
Initialize engine version: 2021.3.11f1 (0a5ca18544bf)
[Subsystems] Discovering subsystems at path C:/Program Files/Unity/Hub/Editor/2021.3.11f1/Editor/Data/Resources/UnitySubsystems
[Subsystems] Discovering subsystems at path C:/Users/Gatto/Documents/GitHub/11-particles-zachanikapie/Assets
GfxDevice: creating device client; threaded=0; jobified=0
Direct3D:
    Version:  Direct3D 11.0 [level 11.1]
    Renderer: NVIDIA GeForce GTX 1070 (ID=0x1b81)
    Vendor:   NVIDIA
    VRAM:     8088 MB
    Driver:   31.0.15.1694
Initialize mono
Mono path[0] = 'C:/Program Files/Unity/Hub/Editor/2021.3.11f1/Editor/Data/Managed'
Mono path[1] = 'C:/Program Files/Unity/Hub/Editor/2021.3.11f1/Editor/Data/MonoBleedingEdge/lib/mono/unityjit-win32'
Mono config path = 'C:/Program Files/Unity/Hub/Editor/2021.3.11f1/Editor/Data/MonoBleedingEdge/etc'
Using monoOptions --debugger-agent=transport=dt_socket,embedding=1,server=y,suspend=n,address=127.0.0.1:56232
Begin MonoManager ReloadAssembly
Registering precompiled unity dll's ...
Register platform support module: C:/Program Files/Unity/Hub/Editor/2021.3.11f1/Editor/Data/PlaybackEngines/WebGLSupport/UnityEditor.WebGL.Extensions.dll
Register platform support module: C:/Program Files/Unity/Hub/Editor/2021.3.11f1/Editor/Data/PlaybackEngines/WindowsStandaloneSupport/UnityEditor.WindowsStandalone.Extensions.dll
Registered in 0.018779 seconds.
Native extension for WindowsStandalone target not found
Native extension for WebGL target not found
Refreshing native plugins compatible for Editor in 104.10 ms, found 3 plugins.
Preloading 0 native plugins for Editor in 0.00 ms.
Mono: successfully reloaded assembly
- Completed reload, in  0.967 seconds
Domain Reload Profiling:
	ReloadAssembly (967ms)
		BeginReloadAssembly (192ms)
			ExecutionOrderSort (0ms)
			DisableScriptedObjects (0ms)
			BackupInstance (0ms)
			ReleaseScriptingObjects (0ms)
			CreateAndSetChildDomain (1ms)
		EndReloadAssembly (605ms)
			LoadAssemblies (187ms)
			RebuildTransferFunctionScriptingTraits (0ms)
			SetupTypeCache (128ms)
			ReleaseScriptCaches (0ms)
			RebuildScriptCaches (34ms)
			SetupLoadedEditorAssemblies (376ms)
				LogAssemblyErrors (0ms)
				InitializePlatformSupportModulesInManaged (12ms)
				SetLoadedEditorAssemblies (0ms)
				RefreshPlugins (104ms)
				BeforeProcessingInitializeOnLoad (2ms)
				ProcessInitializeOnLoadAttributes (198ms)
				ProcessInitializeOnLoadMethodAttributes (60ms)
				AfterProcessingInitializeOnLoad (0ms)
				EditorAssembliesLoaded (0ms)
			ExecutionOrderSort2 (0ms)
			AwakeInstancesAfterBackupRestoration (0ms)
Platform modules already initialized, skipping
Registering precompiled user dll's ...
Registered in 0.011497 seconds.
Begin MonoManager ReloadAssembly
Symbol file LoadedFromMemory doesn't match image C:\Users\Gatto\Documents\GitHub\11-particles-zachanikapie\Library\PackageCache\com.unity.visualscripting@1.7.8\Editor\VisualScripting.Core\Dependencies\YamlDotNet\Unity.VisualScripting.YamlDotNet.dll
Symbol file LoadedFromMemory doesn't match image C:\Users\Gatto\Documents\GitHub\11-particles-zachanikapie\Library\PackageCache\com.unity.visualscripting@1.7.8\Editor\VisualScripting.Core\Dependencies\DotNetZip\Unity.VisualScripting.IonicZip.dll
Native extension for WindowsStandalone target not found
Native extension for WebGL target not found
Refreshing native plugins compatible for Editor in 0.71 ms, found 3 plugins.
Preloading 0 native plugins for Editor in 0.00 ms.
Mono: successfully reloaded assembly
- Completed reload, in  1.454 seconds
Domain Reload Profiling:
	ReloadAssembly (1455ms)
		BeginReloadAssembly (160ms)
			ExecutionOrderSort (0ms)
			DisableScriptedObjects (8ms)
			BackupInstance (0ms)
			ReleaseScriptingObjects (0ms)
			CreateAndSetChildDomain (26ms)
		EndReloadAssembly (1111ms)
			LoadAssemblies (243ms)
			RebuildTransferFunctionScriptingTraits (0ms)
			SetupTypeCache (291ms)
			ReleaseScriptCaches (1ms)
			RebuildScriptCaches (62ms)
			SetupLoadedEditorAssemblies (480ms)
				LogAssemblyErrors (0ms)
				InitializePlatformSupportModulesInManaged (10ms)
				SetLoadedEditorAssemblies (1ms)
				RefreshPlugins (1ms)
				BeforeProcessingInitializeOnLoad (105ms)
				ProcessInitializeOnLoadAttributes (307ms)
				ProcessInitializeOnLoadMethodAttributes (38ms)
				AfterProcessingInitializeOnLoad (17ms)
				EditorAssembliesLoaded (0ms)
			ExecutionOrderSort2 (0ms)
			AwakeInstancesAfterBackupRestoration (7ms)
Platform modules already initialized, skipping
========================================================================
Worker process is ready to serve import requests
Launched and connected shader compiler UnityShaderCompiler.exe after 0.06 seconds
Refreshing native plugins compatible for Editor in 1.96 ms, found 3 plugins.
Preloading 0 native plugins for Editor in 0.00 ms.
Unloading 3403 Unused Serialized files (Serialized files now loaded: 0)
Unloading 37 unused Assets / (1.3 MB). Loaded Objects now: 3851.
Memory consumption went from 124.2 MB to 122.9 MB.
Total: 7.291600 ms (FindLiveObjects: 0.622500 ms CreateObjectMapping: 0.245200 ms MarkObjects: 5.751200 ms  DeleteObjects: 0.670700 ms)

AssetImportParameters requested are different than current active one (requested -> active):
  custom:video-decoder-ogg-theora: a1e56fd34408186e4bbccfd4996cb3dc -> 
  custom:container-muxer-webm: aa71ff27fc2769a1b78a27578f13a17b -> 
  custom:container-demuxer-webm: 4f35f7cbe854078d1ac9338744f61a02 -> 
  custom:video-encoder-webm-vp8: eb34c28f22e8b96e1ab97ce403110664 -> 
  custom:audio-encoder-webm-vorbis: bf7c407c2cedff20999df2af8eb42d56 -> 
  custom:framework-win-MediaFoundation: 216162199b28c13a410421893ffa2e32 -> 
  custom:container-demuxer-ogg: 62fdf1f143b41e24485cea50d1cbac27 -> 
  custom:video-decoder-webm-vp8: 9c59270c3fd7afecdb556c50c9e8de78 -> 
  custom:audio-decoder-ogg-vorbis: bf7c407c2cedff20999df2af8eb42d56 -> 
========================================================================
Received Import Request.
  Time since last request: 972944.540282 seconds.
  path: Assets/EffectExamples/SmokeTrail.mat
  artifactKey: Guid(85320f50710fcfb4d886bc56151bea1b) Importer(815301076,1909f56bfc062723c751e8b465ee728b)
Start importing Assets/EffectExamples/SmokeTrail.mat using Guid(85320f50710fcfb4d886bc56151bea1b) Importer(815301076,1909f56bfc062723c751e8b465ee728b)  -> (artifact id: 'f7f1ca4f0b2883afc5a50dc192352ce4') in 0.347180 seconds 
========================================================================
Received Prepare
Registering precompiled user dll's ...
Registered in 0.010599 seconds.
Begin MonoManager ReloadAssembly
Symbol file LoadedFromMemory doesn't match image C:\Users\Gatto\Documents\GitHub\11-particles-zachanikapie\Library\PackageCache\com.unity.visualscripting@1.7.8\Editor\VisualScripting.Core\Dependencies\YamlDotNet\Unity.VisualScripting.YamlDotNet.dll
Symbol file LoadedFromMemory doesn't match image C:\Users\Gatto\Documents\GitHub\11-particles-zachanikapie\Library\PackageCache\com.unity.visualscripting@1.7.8\Editor\VisualScripting.Core\Dependencies\DotNetZip\Unity.VisualScripting.IonicZip.dll
Native extension for WindowsStandalone target not found
Native extension for WebGL target not found
Refreshing native plugins compatible for Editor in 0.74 ms, found 3 plugins.
Preloading 0 native plugins for Editor in 0.00 ms.
Mono: successfully reloaded assembly
- Completed reload, in  1.219 seconds
Domain Reload Profiling:
	ReloadAssembly (1219ms)
		BeginReloadAssembly (175ms)
			ExecutionOrderSort (0ms)
			DisableScriptedObjects (6ms)
			BackupInstance (0ms)
			ReleaseScriptingObjects (0ms)
			CreateAndSetChildDomain (45ms)
		EndReloadAssembly (909ms)
			LoadAssemblies (124ms)
			RebuildTransferFunctionScriptingTraits (0ms)
			SetupTypeCache (277ms)
			ReleaseScriptCaches (1ms)
			RebuildScriptCaches (44ms)
			SetupLoadedEditorAssemblies (428ms)
				LogAssemblyErrors (0ms)
				InitializePlatformSupportModulesInManaged (19ms)
				SetLoadedEditorAssemblies (1ms)
				RefreshPlugins (1ms)
				BeforeProcessingInitializeOnLoad (85ms)
				ProcessInitializeOnLoadAttributes (252ms)
				ProcessInitializeOnLoadMethodAttributes (52ms)
				AfterProcessingInitializeOnLoad (17ms)
				EditorAssembliesLoaded (0ms)
			ExecutionOrderSort2 (0ms)
			AwakeInstancesAfterBackupRestoration (8ms)
Platform modules already initialized, skipping
Refreshing native plugins compatible for Editor in 2.83 ms, found 3 plugins.
Preloading 0 native plugins for Editor in 0.00 ms.
Unloading 3483 Unused Serialized files (Serialized files now loaded: 0)
Unloading 31 unused Assets / (1.3 MB). Loaded Objects now: 4013.
Memory consumption went from 131.6 MB to 130.3 MB.
Total: 3.894500 ms (FindLiveObjects: 0.324000 ms CreateObjectMapping: 0.089300 ms MarkObjects: 3.138500 ms  DeleteObjects: 0.341300 ms)

AssetImportParameters requested are different than current active one (requested -> active):
  custom:video-decoder-ogg-theora: a1e56fd34408186e4bbccfd4996cb3dc -> 
  custom:container-muxer-webm: aa71ff27fc2769a1b78a27578f13a17b -> 
  custom:container-demuxer-webm: 4f35f7cbe854078d1ac9338744f61a02 -> 
  custom:video-encoder-webm-vp8: eb34c28f22e8b96e1ab97ce403110664 -> 
  custom:audio-encoder-webm-vorbis: bf7c407c2cedff20999df2af8eb42d56 -> 
  custom:framework-win-MediaFoundation: 216162199b28c13a410421893ffa2e32 -> 
  custom:container-demuxer-ogg: 62fdf1f143b41e24485cea50d1cbac27 -> 
  custom:video-decoder-webm-vp8: 9c59270c3fd7afecdb556c50c9e8de78 -> 
  custom:audio-decoder-ogg-vorbis: bf7c407c2cedff20999df2af8eb42d56 -> 
========================================================================
Received Prepare
Registering precompiled user dll's ...
Registered in 0.014773 seconds.
Begin MonoManager ReloadAssembly
Symbol file LoadedFromMemory doesn't match image C:\Users\Gatto\Documents\GitHub\11-particles-zachanikapie\Library\PackageCache\com.unity.visualscripting@1.7.8\Editor\VisualScripting.Core\Dependencies\YamlDotNet\Unity.VisualScripting.YamlDotNet.dll
Symbol file LoadedFromMemory doesn't match image C:\Users\Gatto\Documents\GitHub\11-particles-zachanikapie\Library\PackageCache\com.unity.visualscripting@1.7.8\Editor\VisualScripting.Core\Dependencies\DotNetZip\Unity.VisualScripting.IonicZip.dll
Native extension for WindowsStandalone target not found
Native extension for WebGL target not found
Refreshing native plugins compatible for Editor in 0.85 ms, found 3 plugins.
Preloading 0 native plugins for Editor in 0.00 ms.
Mono: successfully reloaded assembly
- Completed reload, in  1.440 seconds
Domain Reload Profiling:
	ReloadAssembly (1441ms)
		BeginReloadAssembly (257ms)
			ExecutionOrderSort (0ms)
			DisableScriptedObjects (9ms)
			BackupInstance (0ms)
			ReleaseScriptingObjects (0ms)
			CreateAndSetChildDomain (42ms)
		EndReloadAssembly (1037ms)
			LoadAssemblies (268ms)
			RebuildTransferFunctionScriptingTraits (0ms)
			SetupTypeCache (277ms)
			ReleaseScriptCaches (1ms)
			RebuildScriptCaches (52ms)
			SetupLoadedEditorAssemblies (463ms)
				LogAssemblyErrors (0ms)
				InitializePlatformSupportModulesInManaged (18ms)
				SetLoadedEditorAssemblies (1ms)
				RefreshPlugins (1ms)
				BeforeProcessingInitializeOnLoad (89ms)
				ProcessInitializeOnLoadAttributes (290ms)
				ProcessInitializeOnLoadMethodAttributes (48ms)
				AfterProcessingInitializeOnLoad (17ms)
				EditorAssembliesLoaded (0ms)
			ExecutionOrderSort2 (0ms)
			AwakeInstancesAfterBackupRestoration (9ms)
Platform modules already initialized, skipping
Shader 'TextMeshPro/Distance Field': fallback shader 'TextMeshPro/Mobile/Distance Field' not found
Refreshing native plugins compatible for Editor in 2.61 ms, found 3 plugins.
Preloading 0 native plugins for Editor in 0.00 ms.
Unloading 3504 Unused Serialized files (Serialized files now loaded: 0)
Unloading 45 unused Assets / (3.2 MB). Loaded Objects now: 4023.
Memory consumption went from 134.4 MB to 131.3 MB.
Total: 4.734800 ms (FindLiveObjects: 0.349400 ms CreateObjectMapping: 0.091900 ms MarkObjects: 3.217900 ms  DeleteObjects: 1.074700 ms)

AssetImportParameters requested are different than current active one (requested -> active):
  custom:video-decoder-ogg-theora: a1e56fd34408186e4bbccfd4996cb3dc -> 
  custom:container-muxer-webm: aa71ff27fc2769a1b78a27578f13a17b -> 
  custom:container-demuxer-webm: 4f35f7cbe854078d1ac9338744f61a02 -> 
  custom:video-encoder-webm-vp8: eb34c28f22e8b96e1ab97ce403110664 -> 
  custom:audio-encoder-webm-vorbis: bf7c407c2cedff20999df2af8eb42d56 -> 
  custom:framework-win-MediaFoundation: 216162199b28c13a410421893ffa2e32 -> 
  custom:container-demuxer-ogg: 62fdf1f143b41e24485cea50d1cbac27 -> 
  custom:video-decoder-webm-vp8: 9c59270c3fd7afecdb556c50c9e8de78 -> 
  custom:audio-decoder-ogg-vorbis: bf7c407c2cedff20999df2af8eb42d56 -> 
========================================================================
Received Prepare
Refreshing native plugins compatible for Editor in 9.02 ms, found 3 plugins.
Preloading 0 native plugins for Editor in 0.00 ms.
Unloading 45 Unused Serialized files (Serialized files now loaded: 0)
Unloading 45 unused Assets / (3.1 MB). Loaded Objects now: 4023.
Memory consumption went from 65.2 MB to 62.0 MB.
Total: 5.124300 ms (FindLiveObjects: 0.332100 ms CreateObjectMapping: 0.086700 ms MarkObjects: 3.394700 ms  DeleteObjects: 1.309700 ms)

AssetImportParameters requested are different than current active one (requested -> active):
  custom:video-decoder-ogg-theora: a1e56fd34408186e4bbccfd4996cb3dc -> 
  custom:container-muxer-webm: aa71ff27fc2769a1b78a27578f13a17b -> 
  custom:container-demuxer-webm: 4f35f7cbe854078d1ac9338744f61a02 -> 
  custom:video-encoder-webm-vp8: eb34c28f22e8b96e1ab97ce403110664 -> 
  custom:audio-encoder-webm-vorbis: bf7c407c2cedff20999df2af8eb42d56 -> 
  custom:framework-win-MediaFoundation: 216162199b28c13a410421893ffa2e32 -> 
  custom:container-demuxer-ogg: 62fdf1f143b41e24485cea50d1cbac27 -> 
  custom:video-decoder-webm-vp8: 9c59270c3fd7afecdb556c50c9e8de78 -> 
  custom:audio-decoder-ogg-vorbis: bf7c407c2cedff20999df2af8eb42d56 -> 
========================================================================
Received Import Request.
  Time since last request: 278.477137 seconds.
  path: Assets/EffectExamples/Readme.asset
  artifactKey: Guid(83c2ed844a8c74b779a4c823d16594b1) Importer(815301076,1909f56bfc062723c751e8b465ee728b)
Start importing Assets/EffectExamples/Readme.asset using Guid(83c2ed844a8c74b779a4c823d16594b1) Importer(815301076,1909f56bfc062723c751e8b465ee728b)  -> (artifact id: '4b9eed57b2a38ea50d63037f7455b12f') in 0.028533 seconds 
========================================================================
Received Import Request.
  Time since last request: 771.807071 seconds.
  path: Assets/EffectExamples/Misc Effects/Textures/Clouds.tif
  artifactKey: Guid(c701d8bbcea7c2c4abbf9c22ee81138a) Importer(815301076,1909f56bfc062723c751e8b465ee728b)
Start importing Assets/EffectExamples/Misc Effects/Textures/Clouds.tif using Guid(c701d8bbcea7c2c4abbf9c22ee81138a) Importer(815301076,1909f56bfc062723c751e8b465ee728b)  -> (artifact id: '413b5890e56b7fa719ed0f6b4acbc677') in 0.069099 seconds 
========================================================================
Received Import Request.
  Time since last request: 0.000041 seconds.
  path: Assets/EffectExamples/Misc Effects/Textures/noise.tif
  artifactKey: Guid(c15eacd99a1861b4a8084a53a657bbb0) Importer(815301076,1909f56bfc062723c751e8b465ee728b)
Start importing Assets/EffectExamples/Misc Effects/Textures/noise.tif using Guid(c15eacd99a1861b4a8084a53a657bbb0) Importer(815301076,1909f56bfc062723c751e8b465ee728b)  -> (artifact id: '875f6b5e15842a09f2c81492c28e0b0d') in 0.023484 seconds 
========================================================================
Received Import Request.
  Time since last request: 0.000041 seconds.
  path: Assets/EffectExamples/Misc Effects/Textures/DustMote.png
  artifactKey: Guid(557bba5975b9aec46b9bcb0aa8ddac2f) Importer(815301076,1909f56bfc062723c751e8b465ee728b)
Start importing Assets/EffectExamples/Misc Effects/Textures/DustMote.png using Guid(557bba5975b9aec46b9bcb0aa8ddac2f) Importer(815301076,1909f56bfc062723c751e8b465ee728b)  -> (artifact id: '5ed90f8c1cbd4ff7ef746d318915bd74') in 0.051517 seconds 
========================================================================
Received Import Request.
  Time since last request: 0.000030 seconds.
  path: Assets/EffectExamples/Misc Effects/Textures/DissolveChunks.tif
  artifactKey: Guid(fde6fc28f8943fd4aa8bf43327cd0fc0) Importer(815301076,1909f56bfc062723c751e8b465ee728b)
Start importing Assets/EffectExamples/Misc Effects/Textures/DissolveChunks.tif using Guid(fde6fc28f8943fd4aa8bf43327cd0fc0) Importer(815301076,1909f56bfc062723c751e8b465ee728b)  -> (artifact id: 'f2225773c765b43728dd0a072d54597b') in 0.016508 seconds 
========================================================================
Received Import Request.
  Time since last request: 0.000037 seconds.
  path: Assets/EffectExamples/Misc Effects/Textures/FireFlyEmission.tif
  artifactKey: Guid(f16b4e9769a932a4ba18f3ae2964e3e9) Importer(815301076,1909f56bfc062723c751e8b465ee728b)
Start importing Assets/EffectExamples/Misc Effects/Textures/FireFlyEmission.tif using Guid(f16b4e9769a932a4ba18f3ae2964e3e9) Importer(815301076,1909f56bfc062723c751e8b465ee728b)  -> (artifact id: 'f8a5c9262f18a89cfbe3038fd5a2daf6') in 0.016626 seconds 
========================================================================
Received Import Request.
  Time since last request: 0.000022 seconds.
  path: Assets/EffectExamples/Misc Effects/Textures/Ramp01.png
  artifactKey: Guid(c07de05b9bda8f6409252857c36d7ed0) Importer(815301076,1909f56bfc062723c751e8b465ee728b)
Start importing Assets/EffectExamples/Misc Effects/Textures/Ramp01.png using Guid(c07de05b9bda8f6409252857c36d7ed0) Importer(815301076,1909f56bfc062723c751e8b465ee728b)  -> (artifact id: '2a6f484120ffdbd6b4a4ca60eec8a903') in 0.022727 seconds 
========================================================================
Received Import Request.
  Time since last request: 0.000032 seconds.
  path: Assets/EffectExamples/Misc Effects/Textures/FireFlyAlbedo.tif
  artifactKey: Guid(22f3fc6e1558b7a45ad656281e20285a) Importer(815301076,1909f56bfc062723c751e8b465ee728b)
Start importing Assets/EffectExamples/Misc Effects/Textures/FireFlyAlbedo.tif using Guid(22f3fc6e1558b7a45ad656281e20285a) Importer(815301076,1909f56bfc062723c751e8b465ee728b)  -> (artifact id: '6985ee571e6de4e674ce7f40cf0413d0') in 0.019238 seconds 
========================================================================
Received Import Request.
  Time since last request: 3.712070 seconds.
  path: Assets/EffectExamples/Misc Effects/Prefabs/Dissolve.prefab
  artifactKey: Guid(df3177fc67fceda4cb1e5acda4964f5c) Importer(815301076,1909f56bfc062723c751e8b465ee728b)
Start importing Assets/EffectExamples/Misc Effects/Prefabs/Dissolve.prefab using Guid(df3177fc67fceda4cb1e5acda4964f5c) Importer(815301076,1909f56bfc062723c751e8b465ee728b)  -> (artifact id: 'a87d1c1bb733f5245c159c8740393792') in 5.210262 seconds 
========================================================================
Received Import Request.
  Time since last request: 0.681639 seconds.
  path: Assets/EffectExamples/Misc Effects/Materials/Dissolve.mat
  artifactKey: Guid(8385f0e712bb65b428cf18e6ab1c29c6) Importer(815301076,1909f56bfc062723c751e8b465ee728b)
Start importing Assets/EffectExamples/Misc Effects/Materials/Dissolve.mat using Guid(8385f0e712bb65b428cf18e6ab1c29c6) Importer(815301076,1909f56bfc062723c751e8b465ee728b)  -> (artifact id: '7cfcd01e55d08656b55c09569623a7ae') in 0.056912 seconds 
========================================================================
Received Import Request.
  Time since last request: 0.000034 seconds.
  path: Assets/EffectExamples/Misc Effects/Materials/ElectricalSparks.mat
  artifactKey: Guid(263c084da15c8994e8fa761ba4f39b2b) Importer(815301076,1909f56bfc062723c751e8b465ee728b)
Start importing Assets/EffectExamples/Misc Effects/Materials/ElectricalSparks.mat using Guid(263c084da15c8994e8fa761ba4f39b2b) Importer(815301076,1909f56bfc062723c751e8b465ee728b)  -> (artifact id: 'aa8216011c4b73303cc05f80dcc1d0ce') in 0.539585 seconds 
========================================================================
Received Import Request.
  Time since last request: 0.000060 seconds.
  path: Assets/EffectExamples/Misc Effects/Materials/Embers.mat
  artifactKey: Guid(93c97da0a9a11174ab89575db81f7917) Importer(815301076,1909f56bfc062723c751e8b465ee728b)
Start importing Assets/EffectExamples/Misc Effects/Materials/Embers.mat using Guid(93c97da0a9a11174ab89575db81f7917) Importer(815301076,1909f56bfc062723c751e8b465ee728b)  -> (artifact id: '0b6d786077f32e2e11d04e74c5ad1aed') in 0.018839 seconds 
========================================================================
Received Import Request.
  Time since last request: 0.000040 seconds.
  path: Assets/EffectExamples/Misc Effects/Materials/Sparks.mat
  artifactKey: Guid(df65f43e032f16641824cdad37cbad89) Importer(815301076,1909f56bfc062723c751e8b465ee728b)
Start importing Assets/EffectExamples/Misc Effects/Materials/Sparks.mat using Guid(df65f43e032f16641824cdad37cbad89) Importer(815301076,1909f56bfc062723c751e8b465ee728b)  -> (artifact id: '071f9e4b628901d1565530d362964313') in 0.020174 seconds 
========================================================================
Received Import Request.
  Time since last request: 0.000028 seconds.
  path: Assets/EffectExamples/Misc Effects/Materials/FireFlyTrail.mat
  artifactKey: Guid(1d11412570f90ba4caf1b0b6dea27152) Importer(815301076,1909f56bfc062723c751e8b465ee728b)
Start importing Assets/EffectExamples/Misc Effects/Materials/FireFlyTrail.mat using Guid(1d11412570f90ba4caf1b0b6dea27152) Importer(815301076,1909f56bfc062723c751e8b465ee728b)  -> (artifact id: 'ef254e7eb0ebccc9d33ba12b01a822bb') in 0.065077 seconds 
========================================================================
Received Import Request.
  Time since last request: 0.000044 seconds.
  path: Assets/EffectExamples/Misc Effects/Materials/DustMote.mat
  artifactKey: Guid(6ae2d3229dcda4f458fdba98d1e1f586) Importer(815301076,1909f56bfc062723c751e8b465ee728b)
Start importing Assets/EffectExamples/Misc Effects/Materials/DustMote.mat using Guid(6ae2d3229dcda4f458fdba98d1e1f586) Importer(815301076,1909f56bfc062723c751e8b465ee728b)  -> (artifact id: 'b16955663be1a81e3b8ecc1033ac3817') in 0.059104 seconds 
========================================================================
Received Import Request.
  Time since last request: 0.000028 seconds.
  path: Assets/EffectExamples/Misc Effects/Materials/Respawn.mat
  artifactKey: Guid(a683b955b3d06e6429565831caff80f8) Importer(815301076,1909f56bfc062723c751e8b465ee728b)
Start importing Assets/EffectExamples/Misc Effects/Materials/Respawn.mat using Guid(a683b955b3d06e6429565831caff80f8) Importer(815301076,1909f56bfc062723c751e8b465ee728b)  -> (artifact id: 'b666e87634d2606de26eb9797bff0361') in 0.333533 seconds 
========================================================================
Received Import Request.
  Time since last request: 13.379188 seconds.
  path: Assets/EffectExamples/Magic Effects/Textures/EarthCrackEmissive.tif
  artifactKey: Guid(77c621fe6d401b943993b4d3131e17a1) Importer(815301076,1909f56bfc062723c751e8b465ee728b)
Start importing Assets/EffectExamples/Magic Effects/Textures/EarthCrackEmissive.tif using Guid(77c621fe6d401b943993b4d3131e17a1) Importer(815301076,1909f56bfc062723c751e8b465ee728b)  -> (artifact id: '3ee51777ac7be4eabb02b9af044c34a2') in 0.018789 seconds 
========================================================================
Received Import Request.
  Time since last request: 0.000027 seconds.
  path: Assets/EffectExamples/Magic Effects/Textures/IceCurvature.tif
  artifactKey: Guid(8bd3845bbbeebd04b8a19ee995137147) Importer(815301076,1909f56bfc062723c751e8b465ee728b)
Start importing Assets/EffectExamples/Magic Effects/Textures/IceCurvature.tif using Guid(8bd3845bbbeebd04b8a19ee995137147) Importer(815301076,1909f56bfc062723c751e8b465ee728b)  -> (artifact id: 'fccf9a13b240334ba68a6e7c90070fba') in 0.027165 seconds 
========================================================================
Received Import Request.
  Time since last request: 0.000030 seconds.
  path: Assets/EffectExamples/Magic Effects/Textures/Ramp02.png
  artifactKey: Guid(26534f2d5894add499249fc1b8373a24) Importer(815301076,1909f56bfc062723c751e8b465ee728b)
Start importing Assets/EffectExamples/Magic Effects/Textures/Ramp02.png using Guid(26534f2d5894add499249fc1b8373a24) Importer(815301076,1909f56bfc062723c751e8b465ee728b)  -> (artifact id: '99cac5faca2087fae83e9858dafddafe') in 0.019589 seconds 
========================================================================
Received Import Request.
  Time since last request: 0.000050 seconds.
  path: Assets/EffectExamples/Magic Effects/Textures/RockNormal.tga
  artifactKey: Guid(ceb93779c4493e346946ea2579d51f74) Importer(815301076,1909f56bfc062723c751e8b465ee728b)
Start importing Assets/EffectExamples/Magic Effects/Textures/RockNormal.tga using Guid(ceb93779c4493e346946ea2579d51f74) Importer(815301076,1909f56bfc062723c751e8b465ee728b)  -> (artifact id: 'd2530c47897986b35cfcc2d83ce53c60') in 0.032916 seconds 
========================================================================
Received Import Request.
  Time since last request: 0.000042 seconds.
  path: Assets/EffectExamples/Magic Effects/Textures/IceNormals.tif
  artifactKey: Guid(78e71b9e097c52e4cba00d81ed4dbe74) Importer(815301076,1909f56bfc062723c751e8b465ee728b)
Start importing Assets/EffectExamples/Magic Effects/Textures/IceNormals.tif using Guid(78e71b9e097c52e4cba00d81ed4dbe74) Importer(815301076,1909f56bfc062723c751e8b465ee728b)  -> (artifact id: 'c5886b7133b1d467ff92eed9d3221b41') in 0.030683 seconds 
========================================================================
Received Import Request.
  Time since last request: 0.000028 seconds.
  path: Assets/EffectExamples/Magic Effects/Textures/Fireball.tif
  artifactKey: Guid(c4fffbf9a10f3d64f978d4912150f3f1) Importer(815301076,1909f56bfc062723c751e8b465ee728b)
Start importing Assets/EffectExamples/Magic Effects/Textures/Fireball.tif using Guid(c4fffbf9a10f3d64f978d4912150f3f1) Importer(815301076,1909f56bfc062723c751e8b465ee728b)  -> (artifact id: '8633acc803d181a722d90350c51ceb75') in 0.033083 seconds 
========================================================================
Received Import Request.
  Time since last request: 15.305648 seconds.
  path: Assets/EffectExamples/FireExplosionEffects/Prefabs/DrippingFlames.prefab
  artifactKey: Guid(ce4133109fd2cb7469faad8e7c4307a4) Importer(815301076,1909f56bfc062723c751e8b465ee728b)
Start importing Assets/EffectExamples/FireExplosionEffects/Prefabs/DrippingFlames.prefab using Guid(ce4133109fd2cb7469faad8e7c4307a4) Importer(815301076,1909f56bfc062723c751e8b465ee728b)  -> (artifact id: 'ec5a48781b9033ed68797c19d96d2a33') in 0.354344 seconds 
========================================================================
Received Import Request.
  Time since last request: 0.000031 seconds.
  path: Assets/EffectExamples/FireExplosionEffects/Prefabs/WildFire.prefab
  artifactKey: Guid(f293a2dcc753a4a489fefe7f8f312d69) Importer(815301076,1909f56bfc062723c751e8b465ee728b)
Start importing Assets/EffectExamples/FireExplosionEffects/Prefabs/WildFire.prefab using Guid(f293a2dcc753a4a489fefe7f8f312d69) Importer(815301076,1909f56bfc062723c751e8b465ee728b)  -> (artifact id: '3fb14dd4a6810c9b023b0e8dcae9e0ca') in 0.210645 seconds 
========================================================================
Received Import Request.
  Time since last request: 0.000061 seconds.
  path: Assets/EffectExamples/FireExplosionEffects/Prefabs/MediumFlames.prefab
  artifactKey: Guid(be6847dd39ab95f4daa2ed98e4f90564) Importer(815301076,1909f56bfc062723c751e8b465ee728b)
Start importing Assets/EffectExamples/FireExplosionEffects/Prefabs/MediumFlames.prefab using Guid(be6847dd39ab95f4daa2ed98e4f90564) Importer(815301076,1909f56bfc062723c751e8b465ee728b)  -> (artifact id: '6567945e1b67e9a677f12ee788efc202') in 0.056505 seconds 
========================================================================
Received Import Request.
  Time since last request: 0.000046 seconds.
  path: Assets/EffectExamples/FireExplosionEffects/Prefabs/SmokeEffect.prefab
  artifactKey: Guid(85a8865d1bf4a63478038fae23776de8) Importer(815301076,1909f56bfc062723c751e8b465ee728b)
Start importing Assets/EffectExamples/FireExplosionEffects/Prefabs/SmokeEffect.prefab using Guid(85a8865d1bf4a63478038fae23776de8) Importer(815301076,1909f56bfc062723c751e8b465ee728b)  -> (artifact id: '3c3a203942bc0f3579a81a573d7cb56a') in 0.064321 seconds 
========================================================================
Received Import Request.
  Time since last request: 0.000044 seconds.
  path: Assets/EffectExamples/FireExplosionEffects/Prefabs/EnergyExplosion.prefab
  artifactKey: Guid(9bba9cf244c53c5439505dfc96fdd11c) Importer(815301076,1909f56bfc062723c751e8b465ee728b)
Start importing Assets/EffectExamples/FireExplosionEffects/Prefabs/EnergyExplosion.prefab using Guid(9bba9cf244c53c5439505dfc96fdd11c) Importer(815301076,1909f56bfc062723c751e8b465ee728b)  -> (artifact id: 'b2fd46c18b0df83f7beb3000189fd8db') in 0.179426 seconds 
========================================================================
Received Import Request.
  Time since last request: 0.000034 seconds.
  path: Assets/EffectExamples/FireExplosionEffects/Prefabs/TinyExplosion.prefab
  artifactKey: Guid(25c7aa9ad705fe143a4d71c1c8deb7d4) Importer(815301076,1909f56bfc062723c751e8b465ee728b)
Start importing Assets/EffectExamples/FireExplosionEffects/Prefabs/TinyExplosion.prefab using Guid(25c7aa9ad705fe143a4d71c1c8deb7d4) Importer(815301076,1909f56bfc062723c751e8b465ee728b)  -> (artifact id: '27e8888a0fd03a2e1c6984356984ed31') in 0.104254 seconds 
========================================================================
Received Import Request.
  Time since last request: 0.000040 seconds.
  path: Assets/EffectExamples/FireExplosionEffects/Prefabs/WallFlames.prefab
  artifactKey: Guid(2c7e85f4b03483447a66947c83fb7468) Importer(815301076,1909f56bfc062723c751e8b465ee728b)
Start importing Assets/EffectExamples/FireExplosionEffects/Prefabs/WallFlames.prefab using Guid(2c7e85f4b03483447a66947c83fb7468) Importer(815301076,1909f56bfc062723c751e8b465ee728b)  -> (artifact id: '3b316b8a15673258c7bdb278dcd907d3') in 0.067025 seconds 
========================================================================
Received Import Request.
  Time since last request: 0.000055 seconds.
  path: Assets/EffectExamples/FireExplosionEffects/Prefabs/FlameStream.prefab
  artifactKey: Guid(bccc7a794e75b2a44a4b0dac69160b7b) Importer(815301076,1909f56bfc062723c751e8b465ee728b)
Start importing Assets/EffectExamples/FireExplosionEffects/Prefabs/FlameStream.prefab using Guid(bccc7a794e75b2a44a4b0dac69160b7b) Importer(815301076,1909f56bfc062723c751e8b465ee728b)  -> (artifact id: 'bc26cbc3da9eff4a6f6e945143d7d15a') in 0.044983 seconds 
========================================================================
Received Import Request.
  Time since last request: 0.000042 seconds.
  path: Assets/EffectExamples/FireExplosionEffects/Prefabs/FireBall.prefab
  artifactKey: Guid(a990e3ac1318b834488c784d851f42a9) Importer(815301076,1909f56bfc062723c751e8b465ee728b)
Start importing Assets/EffectExamples/FireExplosionEffects/Prefabs/FireBall.prefab using Guid(a990e3ac1318b834488c784d851f42a9) Importer(815301076,1909f56bfc062723c751e8b465ee728b)  -> (artifact id: '40128c882e007f4bdba5d57fc62cb2f2') in 0.036057 seconds 
========================================================================
Received Import Request.
  Time since last request: 0.000077 seconds.
  path: Assets/EffectExamples/FireExplosionEffects/Prefabs/TorchEffect.prefab
  artifactKey: Guid(3cdf614b79009ca49a2a5c117fb49c35) Importer(815301076,1909f56bfc062723c751e8b465ee728b)
Start importing Assets/EffectExamples/FireExplosionEffects/Prefabs/TorchEffect.prefab using Guid(3cdf614b79009ca49a2a5c117fb49c35) Importer(815301076,1909f56bfc062723c751e8b465ee728b)  -> (artifact id: '918ea12630e580122e7dc9d3e901bbf3') in 0.030531 seconds 
========================================================================
Received Import Request.
  Time since last request: 0.000045 seconds.
  path: Assets/EffectExamples/FireExplosionEffects/Prefabs/SmallExplosionEffect.prefab
  artifactKey: Guid(ecdd96beb7f93494880c052dfccf9dc1) Importer(815301076,1909f56bfc062723c751e8b465ee728b)
Start importing Assets/EffectExamples/FireExplosionEffects/Prefabs/SmallExplosionEffect.prefab using Guid(ecdd96beb7f93494880c052dfccf9dc1) Importer(815301076,1909f56bfc062723c751e8b465ee728b)  -> (artifact id: '01430c84b791d56d915399f0d51a5e27') in 0.034339 seconds 
========================================================================
Received Import Request.
  Time since last request: 0.000056 seconds.
  path: Assets/EffectExamples/FireExplosionEffects/Prefabs/DustExplosion.prefab
  artifactKey: Guid(d8f0099df63275647a8bcf646df1ca00) Importer(815301076,1909f56bfc062723c751e8b465ee728b)
Start importing Assets/EffectExamples/FireExplosionEffects/Prefabs/DustExplosion.prefab using Guid(d8f0099df63275647a8bcf646df1ca00) Importer(815301076,1909f56bfc062723c751e8b465ee728b)  -> (artifact id: '1ad4668b80f8e11099daf0b3977a6f55') in 0.042200 seconds 
========================================================================
Received Import Request.
  Time since last request: 0.000032 seconds.
  path: Assets/EffectExamples/FireExplosionEffects/Prefabs/LargeFlames.prefab
  artifactKey: Guid(bb98861c48ad2024ca93498c7dd93a6c) Importer(815301076,1909f56bfc062723c751e8b465ee728b)
Start importing Assets/EffectExamples/FireExplosionEffects/Prefabs/LargeFlames.prefab using Guid(bb98861c48ad2024ca93498c7dd93a6c) Importer(815301076,1909f56bfc062723c751e8b465ee728b)  -> (artifact id: '5960c09394db822b730969301af90033') in 0.035763 seconds 
========================================================================
Received Import Request.
  Time since last request: 0.000048 seconds.
  path: Assets/EffectExamples/FireExplosionEffects/Prefabs/FlamesParticleEffect.prefab
  artifactKey: Guid(3228a22491941734bb83ad691d17fcb9) Importer(815301076,1909f56bfc062723c751e8b465ee728b)
Start importing Assets/EffectExamples/FireExplosionEffects/Prefabs/FlamesParticleEffect.prefab using Guid(3228a22491941734bb83ad691d17fcb9) Importer(815301076,1909f56bfc062723c751e8b465ee728b)  -> (artifact id: 'f675f4127ff446e122e11045d30fb3ed') in 0.028704 seconds 
========================================================================
Received Import Request.
  Time since last request: 0.000033 seconds.
  path: Assets/EffectExamples/FireExplosionEffects/Prefabs/FlameThrower.prefab
  artifactKey: Guid(007c57e2df8e9b144b99f471b84f3d56) Importer(815301076,1909f56bfc062723c751e8b465ee728b)
Start importing Assets/EffectExamples/FireExplosionEffects/Prefabs/FlameThrower.prefab using Guid(007c57e2df8e9b144b99f471b84f3d56) Importer(815301076,1909f56bfc062723c751e8b465ee728b)  -> (artifact id: '41bf52fe78d6d68c0955a84341b6ea4d') in 0.030321 seconds 
========================================================================
Received Import Request.
  Time since last request: 0.000034 seconds.
  path: Assets/EffectExamples/FireExplosionEffects/Prefabs/FlamesEffects.prefab
  artifactKey: Guid(b9e167e31f640b34f87caab122fca598) Importer(815301076,1909f56bfc062723c751e8b465ee728b)
Start importing Assets/EffectExamples/FireExplosionEffects/Prefabs/FlamesEffects.prefab using Guid(b9e167e31f640b34f87caab122fca598) Importer(815301076,1909f56bfc062723c751e8b465ee728b)  -> (artifact id: '67f976e38355931acaba20b770b1c47b') in 0.031230 seconds 
========================================================================
Received Import Request.
  Time since last request: 10.192766 seconds.
  path: Assets/EffectExamples/FireExplosionEffects/Materials/Embers.mat
  artifactKey: Guid(80c6a47c6704cbd4b8131cc84dc7243f) Importer(815301076,1909f56bfc062723c751e8b465ee728b)
Start importing Assets/EffectExamples/FireExplosionEffects/Materials/Embers.mat using Guid(80c6a47c6704cbd4b8131cc84dc7243f) Importer(815301076,1909f56bfc062723c751e8b465ee728b)  -> (artifact id: '631416616cee06e44b3b98ed7accb091') in 0.011474 seconds 
========================================================================
Received Import Request.
  Time since last request: 0.000046 seconds.
  path: Assets/EffectExamples/FireExplosionEffects/Materials/TinyFlame.mat
  artifactKey: Guid(2a24b896dbe48144ab8d4a90468ad00e) Importer(815301076,1909f56bfc062723c751e8b465ee728b)
Start importing Assets/EffectExamples/FireExplosionEffects/Materials/TinyFlame.mat using Guid(2a24b896dbe48144ab8d4a90468ad00e) Importer(815301076,1909f56bfc062723c751e8b465ee728b)  -> (artifact id: '6a7368de2d530381c81e4345f4a34760') in 0.029491 seconds 
========================================================================
Received Import Request.
  Time since last request: 0.000039 seconds.
  path: Assets/EffectExamples/FireExplosionEffects/Materials/EmbersParticle.mat
  artifactKey: Guid(776677ab3818fb249adaca05f4e04545) Importer(815301076,1909f56bfc062723c751e8b465ee728b)
Start importing Assets/EffectExamples/FireExplosionEffects/Materials/EmbersParticle.mat using Guid(776677ab3818fb249adaca05f4e04545) Importer(815301076,1909f56bfc062723c751e8b465ee728b)  -> (artifact id: '5277eedde7b453c028eccad25d6a5b0b') in 0.019196 seconds 
========================================================================
Received Import Request.
  Time since last request: 0.000076 seconds.
  path: Assets/EffectExamples/FireExplosionEffects/Materials/ExplosionDistortion.mat
  artifactKey: Guid(fafa06e8ef8c7fb4eac7a74c65cf3a06) Importer(815301076,1909f56bfc062723c751e8b465ee728b)
Start importing Assets/EffectExamples/FireExplosionEffects/Materials/ExplosionDistortion.mat using Guid(fafa06e8ef8c7fb4eac7a74c65cf3a06) Importer(815301076,1909f56bfc062723c751e8b465ee728b)  -> (artifact id: '824a97891924ee4dbc9d36f1ef5b7a4a') in 0.023917 seconds 
========================================================================
Received Import Request.
  Time since last request: 0.000029 seconds.
  path: Assets/EffectExamples/FireExplosionEffects/Materials/Lightning.mat
  artifactKey: Guid(0b1b6a2d22d96564f9037ae143ea84cf) Importer(815301076,1909f56bfc062723c751e8b465ee728b)
Start importing Assets/EffectExamples/FireExplosionEffects/Materials/Lightning.mat using Guid(0b1b6a2d22d96564f9037ae143ea84cf) Importer(815301076,1909f56bfc062723c751e8b465ee728b)  -> (artifact id: '6254d72792edadcf1e3cd695c7284b4d') in 0.017987 seconds 
========================================================================
Received Import Request.
  Time since last request: 0.000034 seconds.
  path: Assets/EffectExamples/FireExplosionEffects/Materials/LargeFlame02.mat
  artifactKey: Guid(b25dd701bdc692249907c8b4e4b784b2) Importer(815301076,1909f56bfc062723c751e8b465ee728b)
Start importing Assets/EffectExamples/FireExplosionEffects/Materials/LargeFlame02.mat using Guid(b25dd701bdc692249907c8b4e4b784b2) Importer(815301076,1909f56bfc062723c751e8b465ee728b)  -> (artifact id: '0bf8e9a40b24084650ef029f30045abd') in 0.024577 seconds 
========================================================================
Received Import Request.
  Time since last request: 0.000033 seconds.
  path: Assets/EffectExamples/FireExplosionEffects/Materials/MediumFlame01.mat
  artifactKey: Guid(5584a46a2a298d348a252b58b4847ae0) Importer(815301076,1909f56bfc062723c751e8b465ee728b)
Start importing Assets/EffectExamples/FireExplosionEffects/Materials/MediumFlame01.mat using Guid(5584a46a2a298d348a252b58b4847ae0) Importer(815301076,1909f56bfc062723c751e8b465ee728b)  -> (artifact id: 'be60193f42b4428e225aa6999880afd1') in 0.022803 seconds 
========================================================================
Received Import Request.
  Time since last request: 0.000030 seconds.
  path: Assets/EffectExamples/FireExplosionEffects/Materials/FireExplosion.mat
  artifactKey: Guid(7a306caa8f9f7ed40a5361ce411cdf1b) Importer(815301076,1909f56bfc062723c751e8b465ee728b)
Start importing Assets/EffectExamples/FireExplosionEffects/Materials/FireExplosion.mat using Guid(7a306caa8f9f7ed40a5361ce411cdf1b) Importer(815301076,1909f56bfc062723c751e8b465ee728b)  -> (artifact id: '7877e21da0fd9fa9dd5455e1dbddcf32') in 0.020029 seconds 
========================================================================
Received Import Request.
  Time since last request: 0.000022 seconds.
  path: Assets/EffectExamples/FireExplosionEffects/Materials/EnergyExplosion.mat
  artifactKey: Guid(bf88af72084132746823869f28b070f8) Importer(815301076,1909f56bfc062723c751e8b465ee728b)
Start importing Assets/EffectExamples/FireExplosionEffects/Materials/EnergyExplosion.mat using Guid(bf88af72084132746823869f28b070f8) Importer(815301076,1909f56bfc062723c751e8b465ee728b)  -> (artifact id: '5e8bc55265b7fa65ab08d8c74f49e3d2') in 0.020518 seconds 
========================================================================
Received Import Request.
  Time since last request: 0.000028 seconds.
  path: Assets/EffectExamples/FireExplosionEffects/Materials/LightningTrail.mat
  artifactKey: Guid(ff40f623c0d03d049a352655a59e39b5) Importer(815301076,1909f56bfc062723c751e8b465ee728b)
Start importing Assets/EffectExamples/FireExplosionEffects/Materials/LightningTrail.mat using Guid(ff40f623c0d03d049a352655a59e39b5) Importer(815301076,1909f56bfc062723c751e8b465ee728b)  -> (artifact id: '8f04a39828490f98854292edfd5b8f58') in 0.016161 seconds 
========================================================================
Received Import Request.
  Time since last request: 0.000035 seconds.
  path: Assets/EffectExamples/FireExplosionEffects/Materials/PlasmaExplosionParticle.mat
  artifactKey: Guid(7ff1ab0b724442843965e2dd0f02e969) Importer(815301076,1909f56bfc062723c751e8b465ee728b)
Start importing Assets/EffectExamples/FireExplosionEffects/Materials/PlasmaExplosionParticle.mat using Guid(7ff1ab0b724442843965e2dd0f02e969) Importer(815301076,1909f56bfc062723c751e8b465ee728b)  -> (artifact id: '8959874d9224c090a2dd3110f1324af3') in 0.260308 seconds 
========================================================================
Received Import Request.
  Time since last request: 0.000039 seconds.
  path: Assets/EffectExamples/FireExplosionEffects/Materials/SmokeLightParticle.mat
  artifactKey: Guid(f06455b167e1b0b428c9af62d7aa6832) Importer(815301076,1909f56bfc062723c751e8b465ee728b)
Start importing Assets/EffectExamples/FireExplosionEffects/Materials/SmokeLightParticle.mat using Guid(f06455b167e1b0b428c9af62d7aa6832) Importer(815301076,1909f56bfc062723c751e8b465ee728b)  -> (artifact id: '33e0f4af7f9d501f8b2451fa45725381') in 0.247473 seconds 
========================================================================
Received Import Request.
  Time since last request: 0.000039 seconds.
  path: Assets/EffectExamples/FireExplosionEffects/Materials/PlasmaFire.mat
  artifactKey: Guid(ccfb2f1fc92f02a4288d5541f6530fec) Importer(815301076,1909f56bfc062723c751e8b465ee728b)
Start importing Assets/EffectExamples/FireExplosionEffects/Materials/PlasmaFire.mat using Guid(ccfb2f1fc92f02a4288d5541f6530fec) Importer(815301076,1909f56bfc062723c751e8b465ee728b)  -> (artifact id: '4970db86984c5440818366b1458e9032') in 0.019277 seconds 
========================================================================
Received Import Request.
  Time since last request: 0.000031 seconds.
  path: Assets/EffectExamples/FireExplosionEffects/Materials/Explosion.mat
  artifactKey: Guid(6421a5a06ae9f7a47a57b67f35c73b5a) Importer(815301076,1909f56bfc062723c751e8b465ee728b)
Start importing Assets/EffectExamples/FireExplosionEffects/Materials/Explosion.mat using Guid(6421a5a06ae9f7a47a57b67f35c73b5a) Importer(815301076,1909f56bfc062723c751e8b465ee728b)  -> (artifact id: '42f7ae53dda1f01428f28d8c220f290d') in 0.023649 seconds 
========================================================================
Received Import Request.
  Time since last request: 0.000029 seconds.
  path: Assets/EffectExamples/FireExplosionEffects/Materials/EnergyShockwave.mat
  artifactKey: Guid(65586f2fde3974c4e9469dfe6cf89338) Importer(815301076,1909f56bfc062723c751e8b465ee728b)
Start importing Assets/EffectExamples/FireExplosionEffects/Materials/EnergyShockwave.mat using Guid(65586f2fde3974c4e9469dfe6cf89338) Importer(815301076,1909f56bfc062723c751e8b465ee728b)  -> (artifact id: 'a814343d0259f99174298170397c51bf') in 0.019278 seconds 
========================================================================
Received Import Request.
  Time since last request: 0.000034 seconds.
  path: Assets/EffectExamples/FireExplosionEffects/Materials/LargeFlame01.mat
  artifactKey: Guid(af29e4d6b5ada10438f9e9b5bb6d19d3) Importer(815301076,1909f56bfc062723c751e8b465ee728b)
Start importing Assets/EffectExamples/FireExplosionEffects/Materials/LargeFlame01.mat using Guid(af29e4d6b5ada10438f9e9b5bb6d19d3) Importer(815301076,1909f56bfc062723c751e8b465ee728b)  -> (artifact id: 'c3b29ba90bab1ab0e06b8435dfd152cd') in 0.020663 seconds 
========================================================================
Received Import Request.
  Time since last request: 0.000027 seconds.
  path: Assets/EffectExamples/FireExplosionEffects/Materials/SmokeDarkParticle.mat
  artifactKey: Guid(698a8134f4ebbbd4e848648685f68067) Importer(815301076,1909f56bfc062723c751e8b465ee728b)
Start importing Assets/EffectExamples/FireExplosionEffects/Materials/SmokeDarkParticle.mat using Guid(698a8134f4ebbbd4e848648685f68067) Importer(815301076,1909f56bfc062723c751e8b465ee728b)  -> (artifact id: 'a867f408c296741bd7f8bb7cbfa07226') in 0.023325 seconds 
========================================================================
Received Import Request.
  Time since last request: 0.000034 seconds.
  path: Assets/EffectExamples/FireExplosionEffects/Materials/SandParticle.mat
  artifactKey: Guid(4ea8613283885aa45a5c6eb29a50bdb0) Importer(815301076,1909f56bfc062723c751e8b465ee728b)
Start importing Assets/EffectExamples/FireExplosionEffects/Materials/SandParticle.mat using Guid(4ea8613283885aa45a5c6eb29a50bdb0) Importer(815301076,1909f56bfc062723c751e8b465ee728b)  -> (artifact id: 'd5921853bbe3390c50c78d4842d0c40b') in 2.111759 seconds 
========================================================================
Received Prepare
Registering precompiled user dll's ...
Registered in 0.009107 seconds.
Begin MonoManager ReloadAssembly
Symbol file LoadedFromMemory doesn't match image C:\Users\Gatto\Documents\GitHub\11-particles-zachanikapie\Library\PackageCache\com.unity.visualscripting@1.7.8\Editor\VisualScripting.Core\Dependencies\YamlDotNet\Unity.VisualScripting.YamlDotNet.dll
Symbol file LoadedFromMemory doesn't match image C:\Users\Gatto\Documents\GitHub\11-particles-zachanikapie\Library\PackageCache\com.unity.visualscripting@1.7.8\Editor\VisualScripting.Core\Dependencies\DotNetZip\Unity.VisualScripting.IonicZip.dll
Native extension for WindowsStandalone target not found
Native extension for WebGL target not found
Refreshing native plugins compatible for Editor in 0.79 ms, found 3 plugins.
Preloading 0 native plugins for Editor in 0.00 ms.
Mono: successfully reloaded assembly
- Completed reload, in  1.274 seconds
Domain Reload Profiling:
	ReloadAssembly (1275ms)
		BeginReloadAssembly (169ms)
			ExecutionOrderSort (0ms)
			DisableScriptedObjects (7ms)
			BackupInstance (0ms)
			ReleaseScriptingObjects (0ms)
			CreateAndSetChildDomain (44ms)
		EndReloadAssembly (962ms)
			LoadAssemblies (120ms)
			RebuildTransferFunctionScriptingTraits (0ms)
			SetupTypeCache (269ms)
			ReleaseScriptCaches (1ms)
			RebuildScriptCaches (52ms)
			SetupLoadedEditorAssemblies (468ms)
				LogAssemblyErrors (0ms)
				InitializePlatformSupportModulesInManaged (18ms)
				SetLoadedEditorAssemblies (1ms)
				RefreshPlugins (1ms)
				BeforeProcessingInitializeOnLoad (98ms)
				ProcessInitializeOnLoadAttributes (283ms)
				ProcessInitializeOnLoadMethodAttributes (50ms)
				AfterProcessingInitializeOnLoad (17ms)
				EditorAssembliesLoaded (0ms)
			ExecutionOrderSort2 (0ms)
			AwakeInstancesAfterBackupRestoration (7ms)
Platform modules already initialized, skipping
Refreshing native plugins compatible for Editor in 2.89 ms, found 3 plugins.
Preloading 0 native plugins for Editor in 0.00 ms.
Unloading 3504 Unused Serialized files (Serialized files now loaded: 0)
Unloading 45 unused Assets / (2.2 MB). Loaded Objects now: 4043.
Memory consumption went from 207.9 MB to 205.7 MB.
Total: 5.991200 ms (FindLiveObjects: 0.366200 ms CreateObjectMapping: 0.091700 ms MarkObjects: 4.661200 ms  DeleteObjects: 0.870900 ms)

AssetImportParameters requested are different than current active one (requested -> active):
  custom:video-decoder-ogg-theora: a1e56fd34408186e4bbccfd4996cb3dc -> 
  custom:container-muxer-webm: aa71ff27fc2769a1b78a27578f13a17b -> 
  custom:container-demuxer-webm: 4f35f7cbe854078d1ac9338744f61a02 -> 
  custom:video-encoder-webm-vp8: eb34c28f22e8b96e1ab97ce403110664 -> 
  custom:audio-encoder-webm-vorbis: bf7c407c2cedff20999df2af8eb42d56 -> 
  custom:framework-win-MediaFoundation: 216162199b28c13a410421893ffa2e32 -> 
  custom:container-demuxer-ogg: 62fdf1f143b41e24485cea50d1cbac27 -> 
  custom:video-decoder-webm-vp8: 9c59270c3fd7afecdb556c50c9e8de78 -> 
  custom:audio-decoder-ogg-vorbis: bf7c407c2cedff20999df2af8eb42d56 -> 
========================================================================
Received Prepare
Registering precompiled user dll's ...
Registered in 0.010924 seconds.
Begin MonoManager ReloadAssembly
Symbol file LoadedFromMemory doesn't match image C:\Users\Gatto\Documents\GitHub\11-particles-zachanikapie\Library\PackageCache\com.unity.visualscripting@1.7.8\Editor\VisualScripting.Core\Dependencies\YamlDotNet\Unity.VisualScripting.YamlDotNet.dll
Symbol file LoadedFromMemory doesn't match image C:\Users\Gatto\Documents\GitHub\11-particles-zachanikapie\Library\PackageCache\com.unity.visualscripting@1.7.8\Editor\VisualScripting.Core\Dependencies\DotNetZip\Unity.VisualScripting.IonicZip.dll
Native extension for WindowsStandalone target not found
Native extension for WebGL target not found
Refreshing native plugins compatible for Editor in 0.87 ms, found 3 plugins.
Preloading 0 native plugins for Editor in 0.00 ms.
Mono: successfully reloaded assembly
- Completed reload, in  1.415 seconds
Domain Reload Profiling:
	ReloadAssembly (1416ms)
		BeginReloadAssembly (193ms)
			ExecutionOrderSort (0ms)
			DisableScriptedObjects (8ms)
			BackupInstance (0ms)
			ReleaseScriptingObjects (0ms)
			CreateAndSetChildDomain (41ms)
		EndReloadAssembly (1060ms)
			LoadAssemblies (141ms)
			RebuildTransferFunctionScriptingTraits (0ms)
			SetupTypeCache (332ms)
			ReleaseScriptCaches (2ms)
			RebuildScriptCaches (57ms)
			SetupLoadedEditorAssemblies (496ms)
				LogAssemblyErrors (0ms)
				InitializePlatformSupportModulesInManaged (20ms)
				SetLoadedEditorAssemblies (1ms)
				RefreshPlugins (1ms)
				BeforeProcessingInitializeOnLoad (96ms)
				ProcessInitializeOnLoadAttributes (311ms)
				ProcessInitializeOnLoadMethodAttributes (50ms)
				AfterProcessingInitializeOnLoad (17ms)
				EditorAssembliesLoaded (0ms)
			ExecutionOrderSort2 (0ms)
			AwakeInstancesAfterBackupRestoration (9ms)
Platform modules already initialized, skipping
Refreshing native plugins compatible for Editor in 3.42 ms, found 3 plugins.
Preloading 0 native plugins for Editor in 0.00 ms.
Unloading 3502 Unused Serialized files (Serialized files now loaded: 0)
Unloading 43 unused Assets / (2.2 MB). Loaded Objects now: 4046.
Memory consumption went from 207.7 MB to 205.5 MB.
Total: 5.285800 ms (FindLiveObjects: 0.362100 ms CreateObjectMapping: 0.099400 ms MarkObjects: 4.020200 ms  DeleteObjects: 0.802700 ms)

AssetImportParameters requested are different than current active one (requested -> active):
  custom:video-decoder-ogg-theora: a1e56fd34408186e4bbccfd4996cb3dc -> 
  custom:container-muxer-webm: aa71ff27fc2769a1b78a27578f13a17b -> 
  custom:container-demuxer-webm: 4f35f7cbe854078d1ac9338744f61a02 -> 
  custom:video-encoder-webm-vp8: eb34c28f22e8b96e1ab97ce403110664 -> 
  custom:audio-encoder-webm-vorbis: bf7c407c2cedff20999df2af8eb42d56 -> 
  custom:framework-win-MediaFoundation: 216162199b28c13a410421893ffa2e32 -> 
  custom:container-demuxer-ogg: 62fdf1f143b41e24485cea50d1cbac27 -> 
  custom:video-decoder-webm-vp8: 9c59270c3fd7afecdb556c50c9e8de78 -> 
  custom:audio-decoder-ogg-vorbis: bf7c407c2cedff20999df2af8eb42d56 -> 
========================================================================
Received Import Request.
  Time since last request: 1020.250597 seconds.
  path: Assets/EffectExamples/WaterEffects/Prefabs/RainEffect.prefab
  artifactKey: Guid(d0c0b49979d372942ae5a964d9364111) Importer(815301076,1909f56bfc062723c751e8b465ee728b)
Start importing Assets/EffectExamples/WaterEffects/Prefabs/RainEffect.prefab using Guid(d0c0b49979d372942ae5a964d9364111) Importer(815301076,1909f56bfc062723c751e8b465ee728b)  -> (artifact id: '1b2880e6f8c6df4640e879636192bb35') in 0.374321 seconds 
========================================================================
Received Import Request.
  Time since last request: 0.000028 seconds.
  path: Assets/EffectExamples/WaterEffects/Prefabs/WaterDripEffect.prefab
  artifactKey: Guid(3e8bbc11ff0ac7f4eb91aa277bc85c30) Importer(815301076,1909f56bfc062723c751e8b465ee728b)
Start importing Assets/EffectExamples/WaterEffects/Prefabs/WaterDripEffect.prefab using Guid(3e8bbc11ff0ac7f4eb91aa277bc85c30) Importer(815301076,1909f56bfc062723c751e8b465ee728b)  -> (artifact id: 'e455a56d4dd5ba8c5394598fe69488f5') in 0.295026 seconds 
========================================================================
Received Import Request.
  Time since last request: 0.000030 seconds.
  path: Assets/EffectExamples/WaterEffects/Prefabs/StormCloudEffect.prefab
  artifactKey: Guid(ca55dd9d7d291014a8b13aaf95318a3a) Importer(815301076,1909f56bfc062723c751e8b465ee728b)
Start importing Assets/EffectExamples/WaterEffects/Prefabs/StormCloudEffect.prefab using Guid(ca55dd9d7d291014a8b13aaf95318a3a) Importer(815301076,1909f56bfc062723c751e8b465ee728b)  -> (artifact id: '3279d88781f8455b0b7877d168643c9d') in 0.043934 seconds 
========================================================================
Received Import Request.
  Time since last request: 0.000036 seconds.
  path: Assets/EffectExamples/WaterEffects/Prefabs/WaterfallSmallEffect.prefab
  artifactKey: Guid(e0ea35e989dfcd043b42d7053b546abc) Importer(815301076,1909f56bfc062723c751e8b465ee728b)
Start importing Assets/EffectExamples/WaterEffects/Prefabs/WaterfallSmallEffect.prefab using Guid(e0ea35e989dfcd043b42d7053b546abc) Importer(815301076,1909f56bfc062723c751e8b465ee728b)  -> (artifact id: '4e8db2410a7a7be6235b7f7119ef83ae') in 0.030811 seconds 
========================================================================
Received Import Request.
  Time since last request: 0.000046 seconds.
  path: Assets/EffectExamples/WaterEffects/Prefabs/WaterfallEffect.prefab
  artifactKey: Guid(8edb62778d3ea1e489bc191b81b2fc46) Importer(815301076,1909f56bfc062723c751e8b465ee728b)
Start importing Assets/EffectExamples/WaterEffects/Prefabs/WaterfallEffect.prefab using Guid(8edb62778d3ea1e489bc191b81b2fc46) Importer(815301076,1909f56bfc062723c751e8b465ee728b)  -> (artifact id: '21039589ce3589c6e7459255691d7d05') in 0.028467 seconds 
========================================================================
Received Import Request.
  Time since last request: 0.000044 seconds.
  path: Assets/EffectExamples/WaterEffects/Prefabs/WaterLeak.prefab
  artifactKey: Guid(a82a87e68ab906d4bbf876f687e2a155) Importer(815301076,1909f56bfc062723c751e8b465ee728b)
Start importing Assets/EffectExamples/WaterEffects/Prefabs/WaterLeak.prefab using Guid(a82a87e68ab906d4bbf876f687e2a155) Importer(815301076,1909f56bfc062723c751e8b465ee728b)  -> (artifact id: '6712d7964b669c01423f20a49a6a54a7') in 0.031676 seconds 
========================================================================
Received Import Request.
  Time since last request: 15.730940 seconds.
  path: Assets/EffectExamples/WeaponEffects/Prefabs/BulletImpactWaterContainerExtinguisherEffect.prefab
  artifactKey: Guid(8c0568c457f38824d8649f26f2363927) Importer(815301076,1909f56bfc062723c751e8b465ee728b)
Start importing Assets/EffectExamples/WeaponEffects/Prefabs/BulletImpactWaterContainerExtinguisherEffect.prefab using Guid(8c0568c457f38824d8649f26f2363927) Importer(815301076,1909f56bfc062723c751e8b465ee728b)  -> (artifact id: 'bdbaf1e71a0c4b46b41b6f30c51580a2') in 0.263985 seconds 
========================================================================
Received Import Request.
  Time since last request: 0.000034 seconds.
  path: Assets/EffectExamples/WaterEffects/Materials/WaterDropSmall.mat
  artifactKey: Guid(c4d4365c3eeb8a54183f5af15699021d) Importer(815301076,1909f56bfc062723c751e8b465ee728b)
Start importing Assets/EffectExamples/WaterEffects/Materials/WaterDropSmall.mat using Guid(c4d4365c3eeb8a54183f5af15699021d) Importer(815301076,1909f56bfc062723c751e8b465ee728b)  -> (artifact id: '4f47c8e788f2d32c672973944d3c710e') in 2.399303 seconds 
========================================================================
Received Import Request.
  Time since last request: 0.000064 seconds.
  path: Assets/EffectExamples/WaterEffects/Materials/WaterTrailParticle.mat
  artifactKey: Guid(2cf2d564c8b1c7a469f8711c96c0efaa) Importer(815301076,1909f56bfc062723c751e8b465ee728b)
Start importing Assets/EffectExamples/WaterEffects/Materials/WaterTrailParticle.mat using Guid(2cf2d564c8b1c7a469f8711c96c0efaa) Importer(815301076,1909f56bfc062723c751e8b465ee728b)  -> (artifact id: 'd2b4416a3c06209aab395214dae86527') in 0.022462 seconds 
========================================================================
Received Import Request.
  Time since last request: 0.000048 seconds.
  path: Assets/EffectExamples/Shared/Prefabs/WaterFilled.prefab
  artifactKey: Guid(b3310980331fa134d82770127f640471) Importer(815301076,1909f56bfc062723c751e8b465ee728b)
Start importing Assets/EffectExamples/Shared/Prefabs/WaterFilled.prefab using Guid(b3310980331fa134d82770127f640471) Importer(815301076,1909f56bfc062723c751e8b465ee728b)  -> (artifact id: 'c7484ac3a85b38dbfdab8b0c377a313e') in 0.028932 seconds 
========================================================================
Received Import Request.
  Time since last request: 0.000049 seconds.
  path: Assets/EffectExamples/WeaponEffects/Textures/WaterSplashParticle.mat
  artifactKey: Guid(b96fa6813686d9d4f844ead1ff3f9f64) Importer(815301076,1909f56bfc062723c751e8b465ee728b)
Start importing Assets/EffectExamples/WeaponEffects/Textures/WaterSplashParticle.mat using Guid(b96fa6813686d9d4f844ead1ff3f9f64) Importer(815301076,1909f56bfc062723c751e8b465ee728b)  -> (artifact id: '411cc2952bd0fc255150d71769cf1d84') in 0.025678 seconds 
========================================================================
Received Import Request.
  Time since last request: 0.000048 seconds.
  path: Assets/EffectExamples/WaterEffects/Materials/WaterDropParticle.mat
  artifactKey: Guid(760cb38a22b22154790d1a62e76c087e) Importer(815301076,1909f56bfc062723c751e8b465ee728b)
Start importing Assets/EffectExamples/WaterEffects/Materials/WaterDropParticle.mat using Guid(760cb38a22b22154790d1a62e76c087e) Importer(815301076,1909f56bfc062723c751e8b465ee728b)  -> (artifact id: '61daf1184f08308917f8d3c0ec0f6a06') in 0.023446 seconds 
========================================================================
Received Import Request.
  Time since last request: 0.000034 seconds.
  path: Assets/EffectExamples/WeaponEffects/Materials/WaterStreamParticle.mat
  artifactKey: Guid(8ea6ed53aae46fe4e83d154e73aed27e) Importer(815301076,1909f56bfc062723c751e8b465ee728b)
Start importing Assets/EffectExamples/WeaponEffects/Materials/WaterStreamParticle.mat using Guid(8ea6ed53aae46fe4e83d154e73aed27e) Importer(815301076,1909f56bfc062723c751e8b465ee728b)  -> (artifact id: '001ec978a079a9cc5f77849bef1ba512') in 0.025741 seconds 
========================================================================
Received Import Request.
  Time since last request: 0.000041 seconds.
  path: Assets/EffectExamples/WeaponEffects/Textures/WaterDropsParticle.tif
  artifactKey: Guid(2ed1fb2461447634dab88e4180196c3e) Importer(815301076,1909f56bfc062723c751e8b465ee728b)
Start importing Assets/EffectExamples/WeaponEffects/Textures/WaterDropsParticle.tif using Guid(2ed1fb2461447634dab88e4180196c3e) Importer(815301076,1909f56bfc062723c751e8b465ee728b)  -> (artifact id: 'a6bfc6e8d36c2174e79b06ff4f59581f') in 0.035050 seconds 
========================================================================
Received Import Request.
  Time since last request: 0.000065 seconds.
  path: Assets/EffectExamples/WaterEffects/Materials/WaterRipplesParticle.mat
  artifactKey: Guid(c185392cb22aeb741a03d966a7012837) Importer(815301076,1909f56bfc062723c751e8b465ee728b)
Start importing Assets/EffectExamples/WaterEffects/Materials/WaterRipplesParticle.mat using Guid(c185392cb22aeb741a03d966a7012837) Importer(815301076,1909f56bfc062723c751e8b465ee728b)  -> (artifact id: '5f9bce62574e8c40b8b1583c366447f5') in 0.029331 seconds 
========================================================================
Received Import Request.
  Time since last request: 0.000079 seconds.
  path: Assets/EffectExamples/WaterEffects/Textures/WaterNormal.tif
  artifactKey: Guid(5d5f4575f58c52f4dbf3d0581eba8a12) Importer(815301076,1909f56bfc062723c751e8b465ee728b)
Start importing Assets/EffectExamples/WaterEffects/Textures/WaterNormal.tif using Guid(5d5f4575f58c52f4dbf3d0581eba8a12) Importer(815301076,1909f56bfc062723c751e8b465ee728b)  -> (artifact id: 'e71a1dd5bd189809c74feb07c462a4b8') in 0.028874 seconds 
========================================================================
Received Import Request.
  Time since last request: 0.000039 seconds.
  path: Assets/EffectExamples/WaterEffects/Models/WaterFaucet.FBX
  artifactKey: Guid(3cd30427c314b904d8bc315f84506731) Importer(815301076,1909f56bfc062723c751e8b465ee728b)
Start importing Assets/EffectExamples/WaterEffects/Models/WaterFaucet.FBX using Guid(3cd30427c314b904d8bc315f84506731) Importer(815301076,1909f56bfc062723c751e8b465ee728b)  -> (artifact id: 'ea8220d6e40c8c9dbb4aeff9765612a1') in 0.469668 seconds 
========================================================================
Received Import Request.
  Time since last request: 153.412274 seconds.
  path: Assets/EffectExamples/WaterEffects/Prefabs/New Material.mat
  artifactKey: Guid(41fe86e69b5458347905183d038ac291) Importer(815301076,1909f56bfc062723c751e8b465ee728b)
Start importing Assets/EffectExamples/WaterEffects/Prefabs/New Material.mat using Guid(41fe86e69b5458347905183d038ac291) Importer(815301076,1909f56bfc062723c751e8b465ee728b)  -> (artifact id: '3a19201194b75f57ee0a0d3beca4c63d') in 0.037762 seconds 
========================================================================
Received Import Request.
  Time since last request: 36.163226 seconds.
  path: Assets/EffectExamples/Shared/Materials/Background.mat
  artifactKey: Guid(0ae8aab4ae40e7741a636cf6e5136a55) Importer(815301076,1909f56bfc062723c751e8b465ee728b)
Start importing Assets/EffectExamples/Shared/Materials/Background.mat using Guid(0ae8aab4ae40e7741a636cf6e5136a55) Importer(815301076,1909f56bfc062723c751e8b465ee728b)  -> (artifact id: 'b5d51a901ed5dd760571522e26e8eb95') in 0.026359 seconds 
========================================================================
Received Import Request.
  Time since last request: 0.000037 seconds.
  path: Assets/EffectExamples/Shared/Textures/BackgroundAlbedo.tif
  artifactKey: Guid(184411e5cbfcef94d90c27171a6135d6) Importer(815301076,1909f56bfc062723c751e8b465ee728b)
Start importing Assets/EffectExamples/Shared/Textures/BackgroundAlbedo.tif using Guid(184411e5cbfcef94d90c27171a6135d6) Importer(815301076,1909f56bfc062723c751e8b465ee728b)  -> (artifact id: 'b78bd1be067894e413e92d896622f2aa') in 0.019161 seconds 
========================================================================
Received Import Request.
  Time since last request: 0.000031 seconds.
  path: Assets/EffectExamples/Smoke & Steam Effects/Prefabs/GroundFog.prefab
  artifactKey: Guid(1a365141225c22e49a7bb976869b22a8) Importer(815301076,1909f56bfc062723c751e8b465ee728b)
Start importing Assets/EffectExamples/Smoke & Steam Effects/Prefabs/GroundFog.prefab using Guid(1a365141225c22e49a7bb976869b22a8) Importer(815301076,1909f56bfc062723c751e8b465ee728b)  -> (artifact id: 'f45f111144404bf2fcf8282de7aee227') in 2.024965 seconds 
========================================================================
Received Import Request.
  Time since last request: 4.883585 seconds.
  path: Assets/EffectExamples/Shared/Environment/Textures/ConcreteWall_Albedo.tif
  artifactKey: Guid(dd79a67bb902a074da2a53f94862061d) Importer(815301076,1909f56bfc062723c751e8b465ee728b)
Start importing Assets/EffectExamples/Shared/Environment/Textures/ConcreteWall_Albedo.tif using Guid(dd79a67bb902a074da2a53f94862061d) Importer(815301076,1909f56bfc062723c751e8b465ee728b)  -> (artifact id: 'becec14af10722ae31fc18807b4e7e54') in 0.025480 seconds 
========================================================================
Received Import Request.
  Time since last request: 0.000056 seconds.
  path: Assets/EffectExamples/Shared/Environment/Models/CornerWall.fbx
  artifactKey: Guid(29175e748bfc77b4194c165e0258b930) Importer(815301076,1909f56bfc062723c751e8b465ee728b)
Start importing Assets/EffectExamples/Shared/Environment/Models/CornerWall.fbx using Guid(29175e748bfc77b4194c165e0258b930) Importer(815301076,1909f56bfc062723c751e8b465ee728b)  -> (artifact id: '9062c92089c5f9248eeb381405c3eb62') in 0.632056 seconds 
========================================================================
Received Import Request.
  Time since last request: 0.000044 seconds.
  path: Assets/EffectExamples/Shared/Environment/Textures/ConcreteWall_MetallicSmooth.tif
  artifactKey: Guid(1ab99eedfaf93af4e85990b5a98ffb96) Importer(815301076,1909f56bfc062723c751e8b465ee728b)
Start importing Assets/EffectExamples/Shared/Environment/Textures/ConcreteWall_MetallicSmooth.tif using Guid(1ab99eedfaf93af4e85990b5a98ffb96) Importer(815301076,1909f56bfc062723c751e8b465ee728b)  -> (artifact id: 'f9c75c7f44421438096307583368ea9f') in 0.020083 seconds 
========================================================================
Received Import Request.
  Time since last request: 0.000029 seconds.
  path: Assets/EffectExamples/FireExplosionEffects/Prefabs/WallFlames.prefab
  artifactKey: Guid(2c7e85f4b03483447a66947c83fb7468) Importer(815301076,1909f56bfc062723c751e8b465ee728b)
Start importing Assets/EffectExamples/FireExplosionEffects/Prefabs/WallFlames.prefab using Guid(2c7e85f4b03483447a66947c83fb7468) Importer(815301076,1909f56bfc062723c751e8b465ee728b)  -> (artifact id: '89bfde6119dcf8b0c2489d4b1a9440aa') in 0.031950 seconds 
========================================================================
Received Import Request.
  Time since last request: 0.000042 seconds.
  path: Assets/EffectExamples/FireExplosionEffects/Textures/shockwave.tif
  artifactKey: Guid(492f3349f92767645a752364a5d18422) Importer(815301076,1909f56bfc062723c751e8b465ee728b)
Start importing Assets/EffectExamples/FireExplosionEffects/Textures/shockwave.tif using Guid(492f3349f92767645a752364a5d18422) Importer(815301076,1909f56bfc062723c751e8b465ee728b)  -> (artifact id: 'ac91956d145b22a5eb81c740c8fca065') in 0.016757 seconds 
========================================================================
Received Import Request.
  Time since last request: 0.000037 seconds.
  path: Assets/EffectExamples/Shared/Environment/Prefabs/CornerWall.prefab
  artifactKey: Guid(21617474d5ac06548b6020406dbe6e6b) Importer(815301076,1909f56bfc062723c751e8b465ee728b)
Start importing Assets/EffectExamples/Shared/Environment/Prefabs/CornerWall.prefab using Guid(21617474d5ac06548b6020406dbe6e6b) Importer(815301076,1909f56bfc062723c751e8b465ee728b)  -> (artifact id: '22b99ddbabd40948d0e449468a5fdb53') in 0.284823 seconds 
========================================================================
Received Prepare
Registering precompiled user dll's ...
Registered in 0.009362 seconds.
Begin MonoManager ReloadAssembly
Symbol file LoadedFromMemory doesn't match image C:\Users\Gatto\Documents\GitHub\11-particles-zachanikapie\Library\PackageCache\com.unity.visualscripting@1.7.8\Editor\VisualScripting.Core\Dependencies\YamlDotNet\Unity.VisualScripting.YamlDotNet.dll
Symbol file LoadedFromMemory doesn't match image C:\Users\Gatto\Documents\GitHub\11-particles-zachanikapie\Library\PackageCache\com.unity.visualscripting@1.7.8\Editor\VisualScripting.Core\Dependencies\DotNetZip\Unity.VisualScripting.IonicZip.dll
Native extension for WindowsStandalone target not found
Native extension for WebGL target not found
Refreshing native plugins compatible for Editor in 0.84 ms, found 3 plugins.
Preloading 0 native plugins for Editor in 0.00 ms.
Mono: successfully reloaded assembly
- Completed reload, in  1.405 seconds
Domain Reload Profiling:
	ReloadAssembly (1406ms)
		BeginReloadAssembly (179ms)
			ExecutionOrderSort (0ms)
			DisableScriptedObjects (7ms)
			BackupInstance (0ms)
			ReleaseScriptingObjects (0ms)
			CreateAndSetChildDomain (52ms)
		EndReloadAssembly (1082ms)
			LoadAssemblies (122ms)
			RebuildTransferFunctionScriptingTraits (0ms)
			SetupTypeCache (316ms)
			ReleaseScriptCaches (2ms)
			RebuildScriptCaches (57ms)
			SetupLoadedEditorAssemblies (518ms)
				LogAssemblyErrors (0ms)
				InitializePlatformSupportModulesInManaged (27ms)
				SetLoadedEditorAssemblies (1ms)
				RefreshPlugins (1ms)
				BeforeProcessingInitializeOnLoad (101ms)
				ProcessInitializeOnLoadAttributes (322ms)
				ProcessInitializeOnLoadMethodAttributes (50ms)
				AfterProcessingInitializeOnLoad (16ms)
				EditorAssembliesLoaded (0ms)
			ExecutionOrderSort2 (0ms)
			AwakeInstancesAfterBackupRestoration (10ms)
Platform modules already initialized, skipping
Refreshing native plugins compatible for Editor in 3.07 ms, found 3 plugins.
Preloading 0 native plugins for Editor in 0.00 ms.
Unloading 3502 Unused Serialized files (Serialized files now loaded: 0)
Unloading 46 unused Assets / (2.2 MB). Loaded Objects now: 4055.
Memory consumption went from 208.0 MB to 205.8 MB.
Total: 5.513600 ms (FindLiveObjects: 0.364800 ms CreateObjectMapping: 0.088600 ms MarkObjects: 3.960200 ms  DeleteObjects: 1.098400 ms)

AssetImportParameters requested are different than current active one (requested -> active):
  custom:video-decoder-ogg-theora: a1e56fd34408186e4bbccfd4996cb3dc -> 
  custom:container-muxer-webm: aa71ff27fc2769a1b78a27578f13a17b -> 
  custom:container-demuxer-webm: 4f35f7cbe854078d1ac9338744f61a02 -> 
  custom:video-encoder-webm-vp8: eb34c28f22e8b96e1ab97ce403110664 -> 
  custom:audio-encoder-webm-vorbis: bf7c407c2cedff20999df2af8eb42d56 -> 
  custom:framework-win-MediaFoundation: 216162199b28c13a410421893ffa2e32 -> 
  custom:container-demuxer-ogg: 62fdf1f143b41e24485cea50d1cbac27 -> 
  custom:video-decoder-webm-vp8: 9c59270c3fd7afecdb556c50c9e8de78 -> 
  custom:audio-decoder-ogg-vorbis: bf7c407c2cedff20999df2af8eb42d56 -> 
========================================================================
Received Prepare
Registering precompiled user dll's ...
Registered in 0.009537 seconds.
Begin MonoManager ReloadAssembly
Symbol file LoadedFromMemory doesn't match image C:\Users\Gatto\Documents\GitHub\11-particles-zachanikapie\Library\PackageCache\com.unity.visualscripting@1.7.8\Editor\VisualScripting.Core\Dependencies\YamlDotNet\Unity.VisualScripting.YamlDotNet.dll
Symbol file LoadedFromMemory doesn't match image C:\Users\Gatto\Documents\GitHub\11-particles-zachanikapie\Library\PackageCache\com.unity.visualscripting@1.7.8\Editor\VisualScripting.Core\Dependencies\DotNetZip\Unity.VisualScripting.IonicZip.dll
Native extension for WindowsStandalone target not found
Native extension for WebGL target not found
Refreshing native plugins compatible for Editor in 1.36 ms, found 3 plugins.
Preloading 0 native plugins for Editor in 0.00 ms.
Mono: successfully reloaded assembly
- Completed reload, in  1.505 seconds
Domain Reload Profiling:
	ReloadAssembly (1506ms)
		BeginReloadAssembly (185ms)
			ExecutionOrderSort (0ms)
			DisableScriptedObjects (11ms)
			BackupInstance (0ms)
			ReleaseScriptingObjects (0ms)
			CreateAndSetChildDomain (43ms)
		EndReloadAssembly (1177ms)
			LoadAssemblies (124ms)
			RebuildTransferFunctionScriptingTraits (0ms)
			SetupTypeCache (408ms)
			ReleaseScriptCaches (2ms)
			RebuildScriptCaches (66ms)
			SetupLoadedEditorAssemblies (502ms)
				LogAssemblyErrors (0ms)
				InitializePlatformSupportModulesInManaged (22ms)
				SetLoadedEditorAssemblies (1ms)
				RefreshPlugins (1ms)
				BeforeProcessingInitializeOnLoad (104ms)
				ProcessInitializeOnLoadAttributes (303ms)
				ProcessInitializeOnLoadMethodAttributes (53ms)
				AfterProcessingInitializeOnLoad (18ms)
				EditorAssembliesLoaded (0ms)
			ExecutionOrderSort2 (0ms)
			AwakeInstancesAfterBackupRestoration (9ms)
Platform modules already initialized, skipping
Refreshing native plugins compatible for Editor in 2.78 ms, found 3 plugins.
Preloading 0 native plugins for Editor in 0.00 ms.
Unloading 3502 Unused Serialized files (Serialized files now loaded: 0)
Unloading 43 unused Assets / (2.2 MB). Loaded Objects now: 4058.
Memory consumption went from 208.0 MB to 205.9 MB.
Total: 5.593500 ms (FindLiveObjects: 0.369700 ms CreateObjectMapping: 0.108800 ms MarkObjects: 3.859000 ms  DeleteObjects: 1.254000 ms)

AssetImportParameters requested are different than current active one (requested -> active):
  custom:video-decoder-ogg-theora: a1e56fd34408186e4bbccfd4996cb3dc -> 
  custom:container-muxer-webm: aa71ff27fc2769a1b78a27578f13a17b -> 
  custom:container-demuxer-webm: 4f35f7cbe854078d1ac9338744f61a02 -> 
  custom:video-encoder-webm-vp8: eb34c28f22e8b96e1ab97ce403110664 -> 
  custom:audio-encoder-webm-vorbis: bf7c407c2cedff20999df2af8eb42d56 -> 
  custom:framework-win-MediaFoundation: 216162199b28c13a410421893ffa2e32 -> 
  custom:container-demuxer-ogg: 62fdf1f143b41e24485cea50d1cbac27 -> 
  custom:video-decoder-webm-vp8: 9c59270c3fd7afecdb556c50c9e8de78 -> 
  custom:audio-decoder-ogg-vorbis: bf7c407c2cedff20999df2af8eb42d56 -> 
========================================================================
Received Import Request.
  Time since last request: 225.142758 seconds.
  path: Assets/EffectExamples/WaterEffects/Materials/WaterDropSmall.mat
  artifactKey: Guid(c4d4365c3eeb8a54183f5af15699021d) Importer(815301076,1909f56bfc062723c751e8b465ee728b)
Start importing Assets/EffectExamples/WaterEffects/Materials/WaterDropSmall.mat using Guid(c4d4365c3eeb8a54183f5af15699021d) Importer(815301076,1909f56bfc062723c751e8b465ee728b)  -> (artifact id: '1e1d262514118070dc1dfc5a958a36dd') in 0.127102 seconds 
========================================================================
Received Import Request.
  Time since last request: 0.000038 seconds.
  path: Assets/EffectExamples/WaterEffects/Materials/Splash.mat
  artifactKey: Guid(0491051b82b09be4eaa3b2224971acc7) Importer(815301076,1909f56bfc062723c751e8b465ee728b)
Start importing Assets/EffectExamples/WaterEffects/Materials/Splash.mat using Guid(0491051b82b09be4eaa3b2224971acc7) Importer(815301076,1909f56bfc062723c751e8b465ee728b)  -> (artifact id: '0fd3b896a7c0ef19c82f515ae1e0aa4b') in 1.576674 seconds 
========================================================================
Received Import Request.
  Time since last request: 251.500991 seconds.
  path: Assets/EffectExamples/WaterEffects/Prefabs/Shower.prefab
  artifactKey: Guid(3d19250bdd4e0df4c8da855e85a8d70b) Importer(815301076,1909f56bfc062723c751e8b465ee728b)
Start importing Assets/EffectExamples/WaterEffects/Prefabs/Shower.prefab using Guid(3d19250bdd4e0df4c8da855e85a8d70b) Importer(815301076,1909f56bfc062723c751e8b465ee728b)  -> (artifact id: '501feef788104f34659604a9789f465d') in 0.968698 seconds 
========================================================================
Received Import Request.
  Time since last request: 0.666545 seconds.
  path: Assets/EffectExamples/Scenes/Menu/LightingData.asset
  artifactKey: Guid(c482561641a25514791bf19c84125d92) Importer(815301076,1909f56bfc062723c751e8b465ee728b)
Start importing Assets/EffectExamples/Scenes/Menu/LightingData.asset using Guid(c482561641a25514791bf19c84125d92) Importer(815301076,1909f56bfc062723c751e8b465ee728b)  -> (artifact id: 'c42f7536c212ec63ebbb7f2de83ed2ca') in 0.010062 seconds 
========================================================================
Received Import Request.
  Time since last request: 0.000207 seconds.
  path: Assets/EffectExamples/Scenes/Main/LightingData.asset
  artifactKey: Guid(5ad991571b598ea40b9f6ad91d4d9077) Importer(815301076,1909f56bfc062723c751e8b465ee728b)
Start importing Assets/EffectExamples/Scenes/Main/LightingData.asset using Guid(5ad991571b598ea40b9f6ad91d4d9077) Importer(815301076,1909f56bfc062723c751e8b465ee728b)  -> (artifact id: '857c99e410cf9869f049e86ce678275b') in 0.006294 seconds 
========================================================================
Received Import Request.
  Time since last request: 0.000033 seconds.
  path: Assets/EffectExamples/FireExplosionEffects/Textures/LightningTrail.tif
  artifactKey: Guid(feb35928901fa234299e317682b8a138) Importer(815301076,1909f56bfc062723c751e8b465ee728b)
Start importing Assets/EffectExamples/FireExplosionEffects/Textures/LightningTrail.tif using Guid(feb35928901fa234299e317682b8a138) Importer(815301076,1909f56bfc062723c751e8b465ee728b)  -> (artifact id: 'cacfc5f29c7eddee6e40e60e1688329e') in 0.023321 seconds 
========================================================================
Received Import Request.
  Time since last request: 0.000031 seconds.
  path: Assets/EffectExamples/FireExplosionEffects/Materials/Lightning.mat
  artifactKey: Guid(0b1b6a2d22d96564f9037ae143ea84cf) Importer(815301076,1909f56bfc062723c751e8b465ee728b)
Start importing Assets/EffectExamples/FireExplosionEffects/Materials/Lightning.mat using Guid(0b1b6a2d22d96564f9037ae143ea84cf) Importer(815301076,1909f56bfc062723c751e8b465ee728b)  -> (artifact id: 'c6afe167b87010f7db10cacc4ca8c210') in 0.021404 seconds 
========================================================================
Received Import Request.
  Time since last request: 0.000042 seconds.
  path: Assets/EffectExamples/Shared/Prefabs/ParticlesLight.prefab
  artifactKey: Guid(fa35d75604d172d48b7a6b62a07c7dbf) Importer(815301076,1909f56bfc062723c751e8b465ee728b)
Start importing Assets/EffectExamples/Shared/Prefabs/ParticlesLight.prefab using Guid(fa35d75604d172d48b7a6b62a07c7dbf) Importer(815301076,1909f56bfc062723c751e8b465ee728b)  -> (artifact id: '26ad0823c0d40116f0f92c998146dd0c') in 0.011671 seconds 
========================================================================
Received Import Request.
  Time since last request: 0.000037 seconds.
  path: Assets/EffectExamples/FireExplosionEffects/Textures/Lightning.tif
  artifactKey: Guid(92781d74b982d084ca9223b02d2cae11) Importer(815301076,1909f56bfc062723c751e8b465ee728b)
Start importing Assets/EffectExamples/FireExplosionEffects/Textures/Lightning.tif using Guid(92781d74b982d084ca9223b02d2cae11) Importer(815301076,1909f56bfc062723c751e8b465ee728b)  -> (artifact id: 'fb3310922c700ad55a8271bfb291d35b') in 0.013085 seconds 
========================================================================
Received Import Request.
  Time since last request: 0.000040 seconds.
  path: Assets/EffectExamples/Shared/Environment/Models/SmallLight.fbx
  artifactKey: Guid(7469d4eaf5d47b246b3501c892dd5292) Importer(815301076,1909f56bfc062723c751e8b465ee728b)
Start importing Assets/EffectExamples/Shared/Environment/Models/SmallLight.fbx using Guid(7469d4eaf5d47b246b3501c892dd5292) Importer(815301076,1909f56bfc062723c751e8b465ee728b)  -> (artifact id: 'f994ac7aad975f69175f898cb0d6aaba') in 0.054915 seconds 
========================================================================
Received Import Request.
  Time since last request: 0.000029 seconds.
  path: Assets/EffectExamples/Smoke & Steam Effects/Materials/SmokeLight.mat
  artifactKey: Guid(7cbbd039ed899f54a8ca16ec2ac435b1) Importer(815301076,1909f56bfc062723c751e8b465ee728b)
Start importing Assets/EffectExamples/Smoke & Steam Effects/Materials/SmokeLight.mat using Guid(7cbbd039ed899f54a8ca16ec2ac435b1) Importer(815301076,1909f56bfc062723c751e8b465ee728b)  -> (artifact id: '34f2686424d3426ca522cc8a2781635f') in 0.049778 seconds 
========================================================================
Received Import Request.
  Time since last request: 0.000048 seconds.
  path: Assets/EffectExamples/Scenes/Main/Lightmap-1_comp_dir.png
  artifactKey: Guid(930c85f85f52ab0498118329c192ee2c) Importer(815301076,1909f56bfc062723c751e8b465ee728b)
Start importing Assets/EffectExamples/Scenes/Main/Lightmap-1_comp_dir.png using Guid(930c85f85f52ab0498118329c192ee2c) Importer(815301076,1909f56bfc062723c751e8b465ee728b)  -> (artifact id: '4313283db0039ac6b777944d91d26ae8') in 0.021288 seconds 
========================================================================
Received Import Request.
  Time since last request: 0.000038 seconds.
  path: Assets/EffectExamples/Scenes/Main/Lightmap-1_comp_light.exr
  artifactKey: Guid(5c2abfa81b784154abbfcfd22f2e73a1) Importer(815301076,1909f56bfc062723c751e8b465ee728b)
Start importing Assets/EffectExamples/Scenes/Main/Lightmap-1_comp_light.exr using Guid(5c2abfa81b784154abbfcfd22f2e73a1) Importer(815301076,1909f56bfc062723c751e8b465ee728b)  -> (artifact id: 'a867298b5401d0e1dc6cd4373c2dc6cb') in 0.029768 seconds 
========================================================================
Received Import Request.
  Time since last request: 0.000041 seconds.
  path: Assets/EffectExamples/FireExplosionEffects/Textures/LightningParticle.tif
  artifactKey: Guid(06e4a78c75e10c145a9156e32089ec9c) Importer(815301076,1909f56bfc062723c751e8b465ee728b)
Start importing Assets/EffectExamples/FireExplosionEffects/Textures/LightningParticle.tif using Guid(06e4a78c75e10c145a9156e32089ec9c) Importer(815301076,1909f56bfc062723c751e8b465ee728b)  -> (artifact id: '6549fc5b6e2a696b210024b4e7a136ca') in 0.011621 seconds 
========================================================================
Received Import Request.
  Time since last request: 0.000023 seconds.
  path: Assets/EffectExamples/Scenes/Main/Lightmap-0_comp_dir.png
  artifactKey: Guid(d23ce938ae7d9b24bb791e4a71d3388f) Importer(815301076,1909f56bfc062723c751e8b465ee728b)
Start importing Assets/EffectExamples/Scenes/Main/Lightmap-0_comp_dir.png using Guid(d23ce938ae7d9b24bb791e4a71d3388f) Importer(815301076,1909f56bfc062723c751e8b465ee728b)  -> (artifact id: '2673633d5b846d112f0d11ddfae28723') in 0.023221 seconds 
========================================================================
Received Import Request.
  Time since last request: 0.000025 seconds.
  path: Assets/EffectExamples/Scenes/Main/Lightmap-0_comp_light.exr
  artifactKey: Guid(38645482f82302843938b3d9b2b8e345) Importer(815301076,1909f56bfc062723c751e8b465ee728b)
Start importing Assets/EffectExamples/Scenes/Main/Lightmap-0_comp_light.exr using Guid(38645482f82302843938b3d9b2b8e345) Importer(815301076,1909f56bfc062723c751e8b465ee728b)  -> (artifact id: 'ff48128d77f65effb8d97e29b75dd93e') in 0.022423 seconds 
========================================================================
Received Import Request.
  Time since last request: 15.195275 seconds.
  path: Assets/EffectExamples/FireExplosionEffects/Prefabs/BigExplosion.prefab
  artifactKey: Guid(e1b08032bec16ba4eb1ae23cbd572664) Importer(815301076,1909f56bfc062723c751e8b465ee728b)
Start importing Assets/EffectExamples/FireExplosionEffects/Prefabs/BigExplosion.prefab using Guid(e1b08032bec16ba4eb1ae23cbd572664) Importer(815301076,1909f56bfc062723c751e8b465ee728b)  -> (artifact id: 'f03d918e146cc49848a2076d015396db') in 0.075636 seconds 
========================================================================
Received Import Request.
  Time since last request: 0.000033 seconds.
  path: Assets/EffectExamples/Blood/Textures/BloodDropAlbedo.tif
  artifactKey: Guid(fd9fde9ce6505d546952963a514b1909) Importer(815301076,1909f56bfc062723c751e8b465ee728b)
Start importing Assets/EffectExamples/Blood/Textures/BloodDropAlbedo.tif using Guid(fd9fde9ce6505d546952963a514b1909) Importer(815301076,1909f56bfc062723c751e8b465ee728b)  -> (artifact id: '3974c25fd7b121af7ce76e31c8ba4ca8') in 0.021227 seconds 
========================================================================
Received Import Request.
  Time since last request: 0.000027 seconds.
  path: Assets/EffectExamples/Blood/Textures/BloodPoolAlbedo.tif
  artifactKey: Guid(b4e688a60e266c340b1f84c510a4c102) Importer(815301076,1909f56bfc062723c751e8b465ee728b)
Start importing Assets/EffectExamples/Blood/Textures/BloodPoolAlbedo.tif using Guid(b4e688a60e266c340b1f84c510a4c102) Importer(815301076,1909f56bfc062723c751e8b465ee728b)  -> (artifact id: '2450acef7be347f2e102bd7630d08e42') in 0.023425 seconds 
========================================================================
Received Import Request.
  Time since last request: 0.000031 seconds.
  path: Assets/EffectExamples/Blood/Materials/BloodSplashParticle.mat
  artifactKey: Guid(6f3ee23817d2bd74681209e519f72618) Importer(815301076,1909f56bfc062723c751e8b465ee728b)
Start importing Assets/EffectExamples/Blood/Materials/BloodSplashParticle.mat using Guid(6f3ee23817d2bd74681209e519f72618) Importer(815301076,1909f56bfc062723c751e8b465ee728b)  -> (artifact id: '92e0021c67ebbfb13aa9c1b7b3f9aeeb') in 0.033166 seconds 
========================================================================
Received Import Request.
  Time since last request: 0.000032 seconds.
  path: Assets/EffectExamples/Blood/Materials/BloodPoolParticle.mat
  artifactKey: Guid(95be4df36eca6eb4b821dcab4acd4a1e) Importer(815301076,1909f56bfc062723c751e8b465ee728b)
Start importing Assets/EffectExamples/Blood/Materials/BloodPoolParticle.mat using Guid(95be4df36eca6eb4b821dcab4acd4a1e) Importer(815301076,1909f56bfc062723c751e8b465ee728b)  -> (artifact id: 'aca9fc724ecd640f9ead45e987565b44') in 0.031280 seconds 
========================================================================
Received Import Request.
  Time since last request: 0.057701 seconds.
  path: Assets/EffectExamples/FireExplosionEffects/Prefabs/DustExplosion.prefab
  artifactKey: Guid(d8f0099df63275647a8bcf646df1ca00) Importer(815301076,1909f56bfc062723c751e8b465ee728b)
Start importing Assets/EffectExamples/FireExplosionEffects/Prefabs/DustExplosion.prefab using Guid(d8f0099df63275647a8bcf646df1ca00) Importer(815301076,1909f56bfc062723c751e8b465ee728b)  -> (artifact id: '8d930f7b60ccfdb331e2ecaa984f16d9') in 0.061093 seconds 
========================================================================
Received Import Request.
  Time since last request: 0.000096 seconds.
  path: Assets/EffectExamples/FireExplosionEffects/Prefabs/TinyExplosion.prefab
  artifactKey: Guid(25c7aa9ad705fe143a4d71c1c8deb7d4) Importer(815301076,1909f56bfc062723c751e8b465ee728b)
Start importing Assets/EffectExamples/FireExplosionEffects/Prefabs/TinyExplosion.prefab using Guid(25c7aa9ad705fe143a4d71c1c8deb7d4) Importer(815301076,1909f56bfc062723c751e8b465ee728b)  -> (artifact id: '8dac22021c9c40ba994c5f2cd26c6a7d') in 0.029597 seconds 
========================================================================
Received Import Request.
  Time since last request: 0.000028 seconds.
  path: Assets/EffectExamples/Shared/Prefabs/Extinguish.prefab
  artifactKey: Guid(ec68cf3d27ad1bf48a4b4d3af84e4ded) Importer(815301076,1909f56bfc062723c751e8b465ee728b)
Start importing Assets/EffectExamples/Shared/Prefabs/Extinguish.prefab using Guid(ec68cf3d27ad1bf48a4b4d3af84e4ded) Importer(815301076,1909f56bfc062723c751e8b465ee728b)  -> (artifact id: 'f4bc6d01eaca6e1b18ee42b25021fa15') in 0.516745 seconds 
========================================================================
Received Import Request.
  Time since last request: 258.548409 seconds.
  path: Assets/EffectExamples/Magic Effects/Materials/Fireball.mat
  artifactKey: Guid(a74b8e4e831053c46943378279c70e96) Importer(815301076,1909f56bfc062723c751e8b465ee728b)
Start importing Assets/EffectExamples/Magic Effects/Materials/Fireball.mat using Guid(a74b8e4e831053c46943378279c70e96) Importer(815301076,1909f56bfc062723c751e8b465ee728b)  -> (artifact id: 'f7b396fd7857302f24010e49a7555068') in 0.047307 seconds 
========================================================================
Received Import Request.
  Time since last request: 0.000039 seconds.
  path: Assets/EffectExamples/FireExplosionEffects/Textures/FireBallEmission.tif
  artifactKey: Guid(d9d8e2fe51aaf4a40b6a5581589afa98) Importer(815301076,1909f56bfc062723c751e8b465ee728b)
Start importing Assets/EffectExamples/FireExplosionEffects/Textures/FireBallEmission.tif using Guid(d9d8e2fe51aaf4a40b6a5581589afa98) Importer(815301076,1909f56bfc062723c751e8b465ee728b)  -> (artifact id: '2dba2c65a4a5b6d734e902c50197e2e1') in 0.030085 seconds 
========================================================================
Received Import Request.
  Time since last request: 0.000046 seconds.
  path: Assets/EffectExamples/FireExplosionEffects/Prefabs/FireBall.prefab
  artifactKey: Guid(a990e3ac1318b834488c784d851f42a9) Importer(815301076,1909f56bfc062723c751e8b465ee728b)
Start importing Assets/EffectExamples/FireExplosionEffects/Prefabs/FireBall.prefab using Guid(a990e3ac1318b834488c784d851f42a9) Importer(815301076,1909f56bfc062723c751e8b465ee728b)  -> (artifact id: 'bc144c85745902fe9b2e3793dc343540') in 0.040418 seconds 
========================================================================
Received Import Request.
  Time since last request: 0.000028 seconds.
  path: Assets/EffectExamples/FireExplosionEffects/Textures/Fireball.tif
  artifactKey: Guid(8de8e22f7a7bd4442994c4abcb489b97) Importer(815301076,1909f56bfc062723c751e8b465ee728b)
Start importing Assets/EffectExamples/FireExplosionEffects/Textures/Fireball.tif using Guid(8de8e22f7a7bd4442994c4abcb489b97) Importer(815301076,1909f56bfc062723c751e8b465ee728b)  -> (artifact id: '224324deff14daae5c8d1d7be77a9d66') in 0.017456 seconds 
Editor requested this worker to shutdown with reason: Scaling down because of idle timeout
AssetImportWorker is now disconnected from the server
Process exiting
Exiting without the bug reporter. Application will terminate with return code 0